{"timestamp":"2025-04-22T02:56:59.983Z","message":"Intento de inicio de sesión","documento":"1012346553","ip":"::1","userAgent":"Mozilla/5.0 (Windows NT 10.0; Win64; x64) AppleWebKit/537.36 (KHTML, like Gecko) Chrome/131.0.0.0 Safari/537.36"}
{"timestamp":"2025-04-22T02:56:59.998Z","message":"Usuario encontrado","documento":"1012346553","id":1,"rol":"SUPER ADMINISTRADOR"}
{"timestamp":"2025-04-22T02:57:00.103Z","message":"Información de usuario almacenada en sesión","sessionID":"zeZccU-dqLF2TXODXCKV1lWCoTAaGx9B","usuario":{"id":1,"nombres":"FABIAN","apellidos":"GOMEZ","documento":"1012346553","rol_id":1,"rol_nombre":"SUPER ADMINISTRADOR"}}
{"timestamp":"2025-04-22T02:57:00.113Z","message":"Permisos cargados","documento":"1012346553","permisos":["facturas electrónicas ","Mensualidades","Parqueadero","Permisos","Roles","Tipos de Vehículos","Usuarios","vehículos exentos"]}
{"timestamp":"2025-04-22T02:57:00.285Z","message":"Inicio de sesión exitoso","documento":"1012346553","sessionID":"zeZccU-dqLF2TXODXCKV1lWCoTAaGx9B"}
{"timestamp":"2025-04-22T03:16:15.708Z","message":"Intento de inicio de sesión","documento":"1012346553","ip":"::1","userAgent":"Mozilla/5.0 (Windows NT 10.0; Win64; x64) AppleWebKit/537.36 (KHTML, like Gecko) Chrome/131.0.0.0 Safari/537.36","sessionID":"jNghT6YG8mcYKPFcPinrG11UrGcRvXHQ"}
{"timestamp":"2025-04-22T03:16:15.719Z","message":"Usuario encontrado","documento":"1012346553","id":1,"rol":"SUPER ADMINISTRADOR"}
{"timestamp":"2025-04-22T03:16:15.829Z","message":"Sesión regenerada con éxito","documento":"1012346553","newSessionID":"hktWlrP1Hy39ASaMonwBi-NacTtpmv7y"}
{"timestamp":"2025-04-22T03:16:15.831Z","message":"Información de usuario almacenada en sesión","sessionID":"hktWlrP1Hy39ASaMonwBi-NacTtpmv7y","usuario":{"id":1,"nombres":"FABIAN","apellidos":"GOMEZ","documento":"1012346553","rol_id":1,"rol_nombre":"SUPER ADMINISTRADOR","login_time":"2025-04-22T03:16:15.831Z"}}
{"timestamp":"2025-04-22T03:16:15.835Z","message":"Permisos cargados","documento":"1012346553","permisos":["facturas electrónicas ","Mensualidades","Parqueadero","Permisos","Roles","Tipos de Vehículos","Usuarios","vehículos exentos"],"sessionID":"hktWlrP1Hy39ASaMonwBi-NacTtpmv7y"}
{"timestamp":"2025-04-22T03:16:15.836Z","message":"Sesión guardada con éxito","documento":"1012346553","sessionID":"hktWlrP1Hy39ASaMonwBi-NacTtpmv7y"}
{"timestamp":"2025-04-22T03:16:15.837Z","message":"Inicio de sesión exitoso","documento":"1012346553","sessionID":"hktWlrP1Hy39ASaMonwBi-NacTtpmv7y"}
{"timestamp":"2025-04-22T03:37:30.532Z","message":"Intento de inicio de sesión","documento":"1012346553","ip":"::1","userAgent":"Mozilla/5.0 (Windows NT 10.0; Win64; x64) AppleWebKit/537.36 (KHTML, like Gecko) Chrome/131.0.0.0 Safari/537.36","sessionID":"ISPmLckRVpguKuxUGV1hyGfsuFAtNRir","originalUrl":"/login","headers":{"host":"localhost:3000","connection":"keep-alive","content-length":"39","cache-control":"max-age=0","sec-ch-ua":"\"Google Chrome\";v=\"131\", \"Chromium\";v=\"131\", \"Not_A Brand\";v=\"24\"","sec-ch-ua-mobile":"?0","sec-ch-ua-platform":"\"Windows\"","origin":"http://localhost:3000","content-type":"application/x-www-form-urlencoded","upgrade-insecure-requests":"1","user-agent":"Mozilla/5.0 (Windows NT 10.0; Win64; x64) AppleWebKit/537.36 (KHTML, like Gecko) Chrome/131.0.0.0 Safari/537.36","accept":"text/html,application/xhtml+xml,application/xml;q=0.9,image/avif,image/webp,image/apng,*/*;q=0.8,application/signed-exchange;v=b3;q=0.7","sec-fetch-site":"same-origin","sec-fetch-mode":"navigate","sec-fetch-user":"?1","sec-fetch-dest":"document","referer":"http://localhost:3000/login","accept-encoding":"gzip, deflate, br, zstd","accept-language":"es-419,es;q=0.9","cookie":"parqueadero.sid=s%3AanZ1apyPETmLCSfJq_Zqv3OrSjCoEyVi.4XImcByUwcHHy2QIQoy3sPcxCUC18VezCp9yyLTO%2Bus; connect.sid=s%3A5PC6aOZvQhOlg016n-n0lwGHHI-ae-iz.GIbn0SxFPi9fawJ%2FxS2X4HeNKIEkM2b8WYWIFLje5uo; parqueadero_session=s%3AISPmLckRVpguKuxUGV1hyGfsuFAtNRir.mbyZc0IZHdCSzCmK6Q7OLZQ4OYidhkKU2f%2BAFcWzijU"}}
{"timestamp":"2025-04-22T03:37:30.546Z","message":"Usuario encontrado","documento":"1012346553","id":1,"rol":"SUPER ADMINISTRADOR"}
{"timestamp":"2025-04-22T03:37:30.636Z","message":"Sesión regenerada con éxito","documento":"1012346553","newSessionID":"74YOkV_H7LA8vBf0x2xrOIjn7MtejV41"}
{"timestamp":"2025-04-22T03:37:30.637Z","message":"Información de usuario almacenada en sesión","sessionID":"74YOkV_H7LA8vBf0x2xrOIjn7MtejV41","usuario":{"id":1,"nombres":"FABIAN","apellidos":"GOMEZ","documento":"1012346553","rol_id":1,"rol_nombre":"SUPER ADMINISTRADOR","login_time":"2025-04-22T03:37:30.637Z"}}
{"timestamp":"2025-04-22T03:37:30.642Z","message":"Permisos cargados","documento":"1012346553","permisos":["facturas electrónicas ","Mensualidades","Parqueadero","Permisos","Roles","Tipos de Vehículos","Usuarios","vehículos exentos"],"sessionID":"74YOkV_H7LA8vBf0x2xrOIjn7MtejV41"}
{"timestamp":"2025-04-22T03:37:30.644Z","message":"Sesión guardada con éxito","documento":"1012346553","sessionID":"74YOkV_H7LA8vBf0x2xrOIjn7MtejV41"}
{"timestamp":"2025-04-22T03:37:30.645Z","message":"Inicio de sesión exitoso","documento":"1012346553","sessionID":"74YOkV_H7LA8vBf0x2xrOIjn7MtejV41"}
{"timestamp":"2025-04-22T03:37:30.680Z","message":"Usuario ya autenticado, redirigiendo a dashboard","usuario":"1012346553","sessionID":"74YOkV_H7LA8vBf0x2xrOIjn7MtejV41"}
{"timestamp":"2025-04-22T03:37:30.728Z","message":"Usuario ya autenticado, redirigiendo a dashboard","usuario":"1012346553","sessionID":"74YOkV_H7LA8vBf0x2xrOIjn7MtejV41"}
{"timestamp":"2025-04-22T03:37:30.780Z","message":"Usuario ya autenticado, redirigiendo a dashboard","usuario":"1012346553","sessionID":"74YOkV_H7LA8vBf0x2xrOIjn7MtejV41"}
{"timestamp":"2025-04-22T03:37:30.814Z","message":"Usuario ya autenticado, redirigiendo a dashboard","usuario":"1012346553","sessionID":"74YOkV_H7LA8vBf0x2xrOIjn7MtejV41"}
{"timestamp":"2025-04-22T03:37:30.848Z","message":"Usuario ya autenticado, redirigiendo a dashboard","usuario":"1012346553","sessionID":"74YOkV_H7LA8vBf0x2xrOIjn7MtejV41"}
{"timestamp":"2025-04-22T03:37:30.874Z","message":"Usuario ya autenticado, redirigiendo a dashboard","usuario":"1012346553","sessionID":"74YOkV_H7LA8vBf0x2xrOIjn7MtejV41"}
{"timestamp":"2025-04-22T03:37:30.902Z","message":"Usuario ya autenticado, redirigiendo a dashboard","usuario":"1012346553","sessionID":"74YOkV_H7LA8vBf0x2xrOIjn7MtejV41"}
{"timestamp":"2025-04-22T03:37:30.940Z","message":"Usuario ya autenticado, redirigiendo a dashboard","usuario":"1012346553","sessionID":"74YOkV_H7LA8vBf0x2xrOIjn7MtejV41"}
{"timestamp":"2025-04-22T03:37:30.966Z","message":"Usuario ya autenticado, redirigiendo a dashboard","usuario":"1012346553","sessionID":"74YOkV_H7LA8vBf0x2xrOIjn7MtejV41"}
{"timestamp":"2025-04-22T03:37:32.085Z","message":"Usuario ya autenticado, redirigiendo a dashboard","usuario":"1012346553","sessionID":"74YOkV_H7LA8vBf0x2xrOIjn7MtejV41"}
{"timestamp":"2025-04-22T03:37:32.133Z","message":"Usuario ya autenticado, redirigiendo a dashboard","usuario":"1012346553","sessionID":"74YOkV_H7LA8vBf0x2xrOIjn7MtejV41"}
{"timestamp":"2025-04-22T03:37:32.166Z","message":"Usuario ya autenticado, redirigiendo a dashboard","usuario":"1012346553","sessionID":"74YOkV_H7LA8vBf0x2xrOIjn7MtejV41"}
{"timestamp":"2025-04-22T03:37:32.200Z","message":"Usuario ya autenticado, redirigiendo a dashboard","usuario":"1012346553","sessionID":"74YOkV_H7LA8vBf0x2xrOIjn7MtejV41"}
{"timestamp":"2025-04-22T03:37:32.250Z","message":"Usuario ya autenticado, redirigiendo a dashboard","usuario":"1012346553","sessionID":"74YOkV_H7LA8vBf0x2xrOIjn7MtejV41"}
{"timestamp":"2025-04-22T03:37:32.282Z","message":"Usuario ya autenticado, redirigiendo a dashboard","usuario":"1012346553","sessionID":"74YOkV_H7LA8vBf0x2xrOIjn7MtejV41"}
{"timestamp":"2025-04-22T03:37:32.315Z","message":"Usuario ya autenticado, redirigiendo a dashboard","usuario":"1012346553","sessionID":"74YOkV_H7LA8vBf0x2xrOIjn7MtejV41"}
{"timestamp":"2025-04-22T03:37:32.351Z","message":"Usuario ya autenticado, redirigiendo a dashboard","usuario":"1012346553","sessionID":"74YOkV_H7LA8vBf0x2xrOIjn7MtejV41"}
{"timestamp":"2025-04-22T03:37:32.383Z","message":"Usuario ya autenticado, redirigiendo a dashboard","usuario":"1012346553","sessionID":"74YOkV_H7LA8vBf0x2xrOIjn7MtejV41"}
{"timestamp":"2025-04-22T03:37:32.424Z","message":"Usuario ya autenticado, redirigiendo a dashboard","usuario":"1012346553","sessionID":"74YOkV_H7LA8vBf0x2xrOIjn7MtejV41"}
{"timestamp":"2025-04-22T03:37:37.018Z","message":"Usuario ya autenticado, redirigiendo a dashboard","usuario":"1012346553","sessionID":"74YOkV_H7LA8vBf0x2xrOIjn7MtejV41"}
{"timestamp":"2025-04-22T03:37:37.069Z","message":"Usuario ya autenticado, redirigiendo a dashboard","usuario":"1012346553","sessionID":"74YOkV_H7LA8vBf0x2xrOIjn7MtejV41"}
{"timestamp":"2025-04-22T03:37:37.097Z","message":"Usuario ya autenticado, redirigiendo a dashboard","usuario":"1012346553","sessionID":"74YOkV_H7LA8vBf0x2xrOIjn7MtejV41"}
{"timestamp":"2025-04-22T03:37:37.133Z","message":"Usuario ya autenticado, redirigiendo a dashboard","usuario":"1012346553","sessionID":"74YOkV_H7LA8vBf0x2xrOIjn7MtejV41"}
{"timestamp":"2025-04-22T03:37:37.167Z","message":"Usuario ya autenticado, redirigiendo a dashboard","usuario":"1012346553","sessionID":"74YOkV_H7LA8vBf0x2xrOIjn7MtejV41"}
{"timestamp":"2025-04-22T03:37:37.194Z","message":"Usuario ya autenticado, redirigiendo a dashboard","usuario":"1012346553","sessionID":"74YOkV_H7LA8vBf0x2xrOIjn7MtejV41"}
{"timestamp":"2025-04-22T03:37:37.248Z","message":"Usuario ya autenticado, redirigiendo a dashboard","usuario":"1012346553","sessionID":"74YOkV_H7LA8vBf0x2xrOIjn7MtejV41"}
{"timestamp":"2025-04-22T03:37:37.278Z","message":"Usuario ya autenticado, redirigiendo a dashboard","usuario":"1012346553","sessionID":"74YOkV_H7LA8vBf0x2xrOIjn7MtejV41"}
{"timestamp":"2025-04-22T03:37:37.325Z","message":"Usuario ya autenticado, redirigiendo a dashboard","usuario":"1012346553","sessionID":"74YOkV_H7LA8vBf0x2xrOIjn7MtejV41"}
{"timestamp":"2025-04-22T03:37:37.360Z","message":"Usuario ya autenticado, redirigiendo a dashboard","usuario":"1012346553","sessionID":"74YOkV_H7LA8vBf0x2xrOIjn7MtejV41"}
{"timestamp":"2025-04-22T03:39:16.277Z","message":"Intento de inicio de sesión","documento":"1012346553","ip":"::1","userAgent":"Mozilla/5.0 (Windows NT 10.0; Win64; x64) AppleWebKit/537.36 (KHTML, like Gecko) Chrome/131.0.0.0 Safari/537.36","sessionID":"74YOkV_H7LA8vBf0x2xrOIjn7MtejV41","originalUrl":"/login","headers":{"host":"localhost:3000","connection":"keep-alive","content-length":"39","cache-control":"max-age=0","sec-ch-ua":"\"Google Chrome\";v=\"131\", \"Chromium\";v=\"131\", \"Not_A Brand\";v=\"24\"","sec-ch-ua-mobile":"?0","sec-ch-ua-platform":"\"Windows\"","origin":"http://localhost:3000","content-type":"application/x-www-form-urlencoded","upgrade-insecure-requests":"1","user-agent":"Mozilla/5.0 (Windows NT 10.0; Win64; x64) AppleWebKit/537.36 (KHTML, like Gecko) Chrome/131.0.0.0 Safari/537.36","accept":"text/html,application/xhtml+xml,application/xml;q=0.9,image/avif,image/webp,image/apng,*/*;q=0.8,application/signed-exchange;v=b3;q=0.7","sec-fetch-site":"same-origin","sec-fetch-mode":"navigate","sec-fetch-user":"?1","sec-fetch-dest":"document","referer":"http://localhost:3000/login","accept-encoding":"gzip, deflate, br, zstd","accept-language":"es-419,es;q=0.9","cookie":"parqueadero.sid=s%3AanZ1apyPETmLCSfJq_Zqv3OrSjCoEyVi.4XImcByUwcHHy2QIQoy3sPcxCUC18VezCp9yyLTO%2Bus; connect.sid=s%3A5PC6aOZvQhOlg016n-n0lwGHHI-ae-iz.GIbn0SxFPi9fawJ%2FxS2X4HeNKIEkM2b8WYWIFLje5uo; parqueadero_session=s%3A74YOkV_H7LA8vBf0x2xrOIjn7MtejV41.9WPDdiPyT19XK444RG8O38gFY6nHyEmbvhdTPy7MmPY"}}
{"timestamp":"2025-04-22T03:39:16.281Z","message":"Usuario encontrado","documento":"1012346553","id":1,"rol":"SUPER ADMINISTRADOR"}
{"timestamp":"2025-04-22T03:39:16.391Z","message":"Sesión regenerada con éxito","documento":"1012346553","newSessionID":"Aq4r6aqw4Z-RGVtfzagu9CukvW7Vl0oa"}
{"timestamp":"2025-04-22T03:39:16.392Z","message":"Información de usuario almacenada en sesión","sessionID":"Aq4r6aqw4Z-RGVtfzagu9CukvW7Vl0oa","usuario":{"id":1,"nombres":"FABIAN","apellidos":"GOMEZ","documento":"1012346553","rol_id":1,"rol_nombre":"SUPER ADMINISTRADOR","login_time":"2025-04-22T03:39:16.392Z"}}
{"timestamp":"2025-04-22T03:39:16.396Z","message":"Permisos cargados","documento":"1012346553","permisos":["facturas electrónicas ","Mensualidades","Parqueadero","Permisos","Roles","Tipos de Vehículos","Usuarios","vehículos exentos"],"sessionID":"Aq4r6aqw4Z-RGVtfzagu9CukvW7Vl0oa"}
{"timestamp":"2025-04-22T03:39:16.396Z","message":"Sesión guardada con éxito","documento":"1012346553","sessionID":"Aq4r6aqw4Z-RGVtfzagu9CukvW7Vl0oa"}
{"timestamp":"2025-04-22T03:39:16.397Z","message":"Inicio de sesión exitoso","documento":"1012346553","sessionID":"Aq4r6aqw4Z-RGVtfzagu9CukvW7Vl0oa"}
{"timestamp":"2025-04-22T03:39:16.440Z","message":"Usuario ya autenticado, redirigiendo a dashboard","usuario":"1012346553","sessionID":"Aq4r6aqw4Z-RGVtfzagu9CukvW7Vl0oa"}
{"timestamp":"2025-04-22T03:39:16.488Z","message":"Usuario ya autenticado, redirigiendo a dashboard","usuario":"1012346553","sessionID":"Aq4r6aqw4Z-RGVtfzagu9CukvW7Vl0oa"}
{"timestamp":"2025-04-22T03:39:16.516Z","message":"Usuario ya autenticado, redirigiendo a dashboard","usuario":"1012346553","sessionID":"Aq4r6aqw4Z-RGVtfzagu9CukvW7Vl0oa"}
{"timestamp":"2025-04-22T03:39:16.550Z","message":"Usuario ya autenticado, redirigiendo a dashboard","usuario":"1012346553","sessionID":"Aq4r6aqw4Z-RGVtfzagu9CukvW7Vl0oa"}
{"timestamp":"2025-04-22T03:39:16.608Z","message":"Usuario ya autenticado, redirigiendo a dashboard","usuario":"1012346553","sessionID":"Aq4r6aqw4Z-RGVtfzagu9CukvW7Vl0oa"}
{"timestamp":"2025-04-22T03:39:16.643Z","message":"Usuario ya autenticado, redirigiendo a dashboard","usuario":"1012346553","sessionID":"Aq4r6aqw4Z-RGVtfzagu9CukvW7Vl0oa"}
{"timestamp":"2025-04-22T03:39:16.678Z","message":"Usuario ya autenticado, redirigiendo a dashboard","usuario":"1012346553","sessionID":"Aq4r6aqw4Z-RGVtfzagu9CukvW7Vl0oa"}
{"timestamp":"2025-04-22T03:39:16.708Z","message":"Usuario ya autenticado, redirigiendo a dashboard","usuario":"1012346553","sessionID":"Aq4r6aqw4Z-RGVtfzagu9CukvW7Vl0oa"}
{"timestamp":"2025-04-22T03:39:16.739Z","message":"Usuario ya autenticado, redirigiendo a dashboard","usuario":"1012346553","sessionID":"Aq4r6aqw4Z-RGVtfzagu9CukvW7Vl0oa"}
{"timestamp":"2025-04-22T03:39:17.876Z","message":"Usuario ya autenticado, redirigiendo a dashboard","usuario":"1012346553","sessionID":"Aq4r6aqw4Z-RGVtfzagu9CukvW7Vl0oa"}
{"timestamp":"2025-04-22T03:39:17.929Z","message":"Usuario ya autenticado, redirigiendo a dashboard","usuario":"1012346553","sessionID":"Aq4r6aqw4Z-RGVtfzagu9CukvW7Vl0oa"}
{"timestamp":"2025-04-22T03:39:17.953Z","message":"Usuario ya autenticado, redirigiendo a dashboard","usuario":"1012346553","sessionID":"Aq4r6aqw4Z-RGVtfzagu9CukvW7Vl0oa"}
{"timestamp":"2025-04-22T03:39:18.005Z","message":"Usuario ya autenticado, redirigiendo a dashboard","usuario":"1012346553","sessionID":"Aq4r6aqw4Z-RGVtfzagu9CukvW7Vl0oa"}
{"timestamp":"2025-04-22T03:39:18.044Z","message":"Usuario ya autenticado, redirigiendo a dashboard","usuario":"1012346553","sessionID":"Aq4r6aqw4Z-RGVtfzagu9CukvW7Vl0oa"}
{"timestamp":"2025-04-22T03:39:18.078Z","message":"Usuario ya autenticado, redirigiendo a dashboard","usuario":"1012346553","sessionID":"Aq4r6aqw4Z-RGVtfzagu9CukvW7Vl0oa"}
{"timestamp":"2025-04-22T03:39:18.114Z","message":"Usuario ya autenticado, redirigiendo a dashboard","usuario":"1012346553","sessionID":"Aq4r6aqw4Z-RGVtfzagu9CukvW7Vl0oa"}
{"timestamp":"2025-04-22T03:39:18.147Z","message":"Usuario ya autenticado, redirigiendo a dashboard","usuario":"1012346553","sessionID":"Aq4r6aqw4Z-RGVtfzagu9CukvW7Vl0oa"}
{"timestamp":"2025-04-22T03:39:18.187Z","message":"Usuario ya autenticado, redirigiendo a dashboard","usuario":"1012346553","sessionID":"Aq4r6aqw4Z-RGVtfzagu9CukvW7Vl0oa"}
{"timestamp":"2025-04-22T03:39:18.223Z","message":"Usuario ya autenticado, redirigiendo a dashboard","usuario":"1012346553","sessionID":"Aq4r6aqw4Z-RGVtfzagu9CukvW7Vl0oa"}
{"timestamp":"2025-04-22T03:39:21.116Z","message":"Usuario ya autenticado, redirigiendo a dashboard","usuario":"1012346553","sessionID":"Aq4r6aqw4Z-RGVtfzagu9CukvW7Vl0oa"}
{"timestamp":"2025-04-22T03:39:21.168Z","message":"Usuario ya autenticado, redirigiendo a dashboard","usuario":"1012346553","sessionID":"Aq4r6aqw4Z-RGVtfzagu9CukvW7Vl0oa"}
{"timestamp":"2025-04-22T03:39:21.210Z","message":"Usuario ya autenticado, redirigiendo a dashboard","usuario":"1012346553","sessionID":"Aq4r6aqw4Z-RGVtfzagu9CukvW7Vl0oa"}
{"timestamp":"2025-04-22T03:39:21.271Z","message":"Usuario ya autenticado, redirigiendo a dashboard","usuario":"1012346553","sessionID":"Aq4r6aqw4Z-RGVtfzagu9CukvW7Vl0oa"}
{"timestamp":"2025-04-22T03:39:21.308Z","message":"Usuario ya autenticado, redirigiendo a dashboard","usuario":"1012346553","sessionID":"Aq4r6aqw4Z-RGVtfzagu9CukvW7Vl0oa"}
{"timestamp":"2025-04-22T03:39:21.335Z","message":"Usuario ya autenticado, redirigiendo a dashboard","usuario":"1012346553","sessionID":"Aq4r6aqw4Z-RGVtfzagu9CukvW7Vl0oa"}
{"timestamp":"2025-04-22T03:39:21.373Z","message":"Usuario ya autenticado, redirigiendo a dashboard","usuario":"1012346553","sessionID":"Aq4r6aqw4Z-RGVtfzagu9CukvW7Vl0oa"}
{"timestamp":"2025-04-22T03:39:21.403Z","message":"Usuario ya autenticado, redirigiendo a dashboard","usuario":"1012346553","sessionID":"Aq4r6aqw4Z-RGVtfzagu9CukvW7Vl0oa"}
{"timestamp":"2025-04-22T03:39:21.432Z","message":"Usuario ya autenticado, redirigiendo a dashboard","usuario":"1012346553","sessionID":"Aq4r6aqw4Z-RGVtfzagu9CukvW7Vl0oa"}
{"timestamp":"2025-04-22T03:39:21.462Z","message":"Usuario ya autenticado, redirigiendo a dashboard","usuario":"1012346553","sessionID":"Aq4r6aqw4Z-RGVtfzagu9CukvW7Vl0oa"}
{"timestamp":"2025-04-22T03:39:22.914Z","message":"Usuario ya autenticado, redirigiendo a dashboard","usuario":"1012346553","sessionID":"Aq4r6aqw4Z-RGVtfzagu9CukvW7Vl0oa"}
{"timestamp":"2025-04-22T03:39:22.943Z","message":"Usuario ya autenticado, redirigiendo a dashboard","usuario":"1012346553","sessionID":"Aq4r6aqw4Z-RGVtfzagu9CukvW7Vl0oa"}
{"timestamp":"2025-04-22T03:39:22.972Z","message":"Usuario ya autenticado, redirigiendo a dashboard","usuario":"1012346553","sessionID":"Aq4r6aqw4Z-RGVtfzagu9CukvW7Vl0oa"}
{"timestamp":"2025-04-22T03:39:23.016Z","message":"Usuario ya autenticado, redirigiendo a dashboard","usuario":"1012346553","sessionID":"Aq4r6aqw4Z-RGVtfzagu9CukvW7Vl0oa"}
{"timestamp":"2025-04-22T03:39:23.037Z","message":"Usuario ya autenticado, redirigiendo a dashboard","usuario":"1012346553","sessionID":"Aq4r6aqw4Z-RGVtfzagu9CukvW7Vl0oa"}
{"timestamp":"2025-04-22T03:39:23.067Z","message":"Usuario ya autenticado, redirigiendo a dashboard","usuario":"1012346553","sessionID":"Aq4r6aqw4Z-RGVtfzagu9CukvW7Vl0oa"}
{"timestamp":"2025-04-22T03:39:23.102Z","message":"Usuario ya autenticado, redirigiendo a dashboard","usuario":"1012346553","sessionID":"Aq4r6aqw4Z-RGVtfzagu9CukvW7Vl0oa"}
{"timestamp":"2025-04-22T03:39:23.149Z","message":"Usuario ya autenticado, redirigiendo a dashboard","usuario":"1012346553","sessionID":"Aq4r6aqw4Z-RGVtfzagu9CukvW7Vl0oa"}
{"timestamp":"2025-04-22T03:39:23.204Z","message":"Usuario ya autenticado, redirigiendo a dashboard","usuario":"1012346553","sessionID":"Aq4r6aqw4Z-RGVtfzagu9CukvW7Vl0oa"}
{"timestamp":"2025-04-22T03:39:23.250Z","message":"Usuario ya autenticado, redirigiendo a dashboard","usuario":"1012346553","sessionID":"Aq4r6aqw4Z-RGVtfzagu9CukvW7Vl0oa"}
{"timestamp":"2025-04-22T03:39:25.203Z","message":"Intento de inicio de sesión","documento":"1012346553","ip":"::1","userAgent":"Mozilla/5.0 (Windows NT 10.0; Win64; x64) AppleWebKit/537.36 (KHTML, like Gecko) Chrome/131.0.0.0 Safari/537.36","sessionID":"Aq4r6aqw4Z-RGVtfzagu9CukvW7Vl0oa","originalUrl":"/login","headers":{"host":"localhost:3000","connection":"keep-alive","content-length":"39","cache-control":"max-age=0","sec-ch-ua":"\"Google Chrome\";v=\"131\", \"Chromium\";v=\"131\", \"Not_A Brand\";v=\"24\"","sec-ch-ua-mobile":"?0","sec-ch-ua-platform":"\"Windows\"","origin":"http://localhost:3000","content-type":"application/x-www-form-urlencoded","upgrade-insecure-requests":"1","user-agent":"Mozilla/5.0 (Windows NT 10.0; Win64; x64) AppleWebKit/537.36 (KHTML, like Gecko) Chrome/131.0.0.0 Safari/537.36","accept":"text/html,application/xhtml+xml,application/xml;q=0.9,image/avif,image/webp,image/apng,*/*;q=0.8,application/signed-exchange;v=b3;q=0.7","sec-fetch-site":"same-origin","sec-fetch-mode":"navigate","sec-fetch-user":"?1","sec-fetch-dest":"document","referer":"http://localhost:3000/login","accept-encoding":"gzip, deflate, br, zstd","accept-language":"es-419,es;q=0.9","cookie":"parqueadero.sid=s%3AanZ1apyPETmLCSfJq_Zqv3OrSjCoEyVi.4XImcByUwcHHy2QIQoy3sPcxCUC18VezCp9yyLTO%2Bus; connect.sid=s%3A5PC6aOZvQhOlg016n-n0lwGHHI-ae-iz.GIbn0SxFPi9fawJ%2FxS2X4HeNKIEkM2b8WYWIFLje5uo; parqueadero_session=s%3AAq4r6aqw4Z-RGVtfzagu9CukvW7Vl0oa.oGlc5BpeHOusO9TSCwmpM4Qu5WH%2BgvQJsHSUsxVuuk4"}}
{"timestamp":"2025-04-22T03:39:25.212Z","message":"Usuario encontrado","documento":"1012346553","id":1,"rol":"SUPER ADMINISTRADOR"}
{"timestamp":"2025-04-22T03:39:25.319Z","message":"Sesión regenerada con éxito","documento":"1012346553","newSessionID":"BYdKu_Xyd_3FP5q319s2ppHst3j3_vh6"}
{"timestamp":"2025-04-22T03:39:25.321Z","message":"Información de usuario almacenada en sesión","sessionID":"BYdKu_Xyd_3FP5q319s2ppHst3j3_vh6","usuario":{"id":1,"nombres":"FABIAN","apellidos":"GOMEZ","documento":"1012346553","rol_id":1,"rol_nombre":"SUPER ADMINISTRADOR","login_time":"2025-04-22T03:39:25.321Z"}}
{"timestamp":"2025-04-22T03:39:25.323Z","message":"Permisos cargados","documento":"1012346553","permisos":["facturas electrónicas ","Mensualidades","Parqueadero","Permisos","Roles","Tipos de Vehículos","Usuarios","vehículos exentos"],"sessionID":"BYdKu_Xyd_3FP5q319s2ppHst3j3_vh6"}
{"timestamp":"2025-04-22T03:39:25.323Z","message":"Sesión guardada con éxito","documento":"1012346553","sessionID":"BYdKu_Xyd_3FP5q319s2ppHst3j3_vh6"}
{"timestamp":"2025-04-22T03:39:25.324Z","message":"Inicio de sesión exitoso","documento":"1012346553","sessionID":"BYdKu_Xyd_3FP5q319s2ppHst3j3_vh6"}
{"timestamp":"2025-04-22T03:39:25.385Z","message":"Usuario ya autenticado, redirigiendo a dashboard","usuario":"1012346553","sessionID":"BYdKu_Xyd_3FP5q319s2ppHst3j3_vh6"}
{"timestamp":"2025-04-22T03:39:25.419Z","message":"Usuario ya autenticado, redirigiendo a dashboard","usuario":"1012346553","sessionID":"BYdKu_Xyd_3FP5q319s2ppHst3j3_vh6"}
{"timestamp":"2025-04-22T03:39:25.442Z","message":"Usuario ya autenticado, redirigiendo a dashboard","usuario":"1012346553","sessionID":"BYdKu_Xyd_3FP5q319s2ppHst3j3_vh6"}
{"timestamp":"2025-04-22T03:39:25.471Z","message":"Usuario ya autenticado, redirigiendo a dashboard","usuario":"1012346553","sessionID":"BYdKu_Xyd_3FP5q319s2ppHst3j3_vh6"}
{"timestamp":"2025-04-22T03:39:25.502Z","message":"Usuario ya autenticado, redirigiendo a dashboard","usuario":"1012346553","sessionID":"BYdKu_Xyd_3FP5q319s2ppHst3j3_vh6"}
{"timestamp":"2025-04-22T03:39:25.539Z","message":"Usuario ya autenticado, redirigiendo a dashboard","usuario":"1012346553","sessionID":"BYdKu_Xyd_3FP5q319s2ppHst3j3_vh6"}
{"timestamp":"2025-04-22T03:39:25.600Z","message":"Usuario ya autenticado, redirigiendo a dashboard","usuario":"1012346553","sessionID":"BYdKu_Xyd_3FP5q319s2ppHst3j3_vh6"}
{"timestamp":"2025-04-22T03:39:25.644Z","message":"Usuario ya autenticado, redirigiendo a dashboard","usuario":"1012346553","sessionID":"BYdKu_Xyd_3FP5q319s2ppHst3j3_vh6"}
{"timestamp":"2025-04-22T03:39:25.678Z","message":"Usuario ya autenticado, redirigiendo a dashboard","usuario":"1012346553","sessionID":"BYdKu_Xyd_3FP5q319s2ppHst3j3_vh6"}
{"timestamp":"2025-04-22T03:39:26.802Z","message":"Usuario ya autenticado, redirigiendo a dashboard","usuario":"1012346553","sessionID":"BYdKu_Xyd_3FP5q319s2ppHst3j3_vh6"}
{"timestamp":"2025-04-22T03:39:26.834Z","message":"Usuario ya autenticado, redirigiendo a dashboard","usuario":"1012346553","sessionID":"BYdKu_Xyd_3FP5q319s2ppHst3j3_vh6"}
{"timestamp":"2025-04-22T03:39:26.861Z","message":"Usuario ya autenticado, redirigiendo a dashboard","usuario":"1012346553","sessionID":"BYdKu_Xyd_3FP5q319s2ppHst3j3_vh6"}
{"timestamp":"2025-04-22T03:39:26.937Z","message":"Usuario ya autenticado, redirigiendo a dashboard","usuario":"1012346553","sessionID":"BYdKu_Xyd_3FP5q319s2ppHst3j3_vh6"}
{"timestamp":"2025-04-22T03:39:26.967Z","message":"Usuario ya autenticado, redirigiendo a dashboard","usuario":"1012346553","sessionID":"BYdKu_Xyd_3FP5q319s2ppHst3j3_vh6"}
{"timestamp":"2025-04-22T03:39:26.995Z","message":"Usuario ya autenticado, redirigiendo a dashboard","usuario":"1012346553","sessionID":"BYdKu_Xyd_3FP5q319s2ppHst3j3_vh6"}
{"timestamp":"2025-04-22T03:39:27.022Z","message":"Usuario ya autenticado, redirigiendo a dashboard","usuario":"1012346553","sessionID":"BYdKu_Xyd_3FP5q319s2ppHst3j3_vh6"}
{"timestamp":"2025-04-22T03:39:27.043Z","message":"Usuario ya autenticado, redirigiendo a dashboard","usuario":"1012346553","sessionID":"BYdKu_Xyd_3FP5q319s2ppHst3j3_vh6"}
{"timestamp":"2025-04-22T03:39:27.079Z","message":"Usuario ya autenticado, redirigiendo a dashboard","usuario":"1012346553","sessionID":"BYdKu_Xyd_3FP5q319s2ppHst3j3_vh6"}
{"timestamp":"2025-04-22T03:39:27.115Z","message":"Usuario ya autenticado, redirigiendo a dashboard","usuario":"1012346553","sessionID":"BYdKu_Xyd_3FP5q319s2ppHst3j3_vh6"}
{"timestamp":"2025-04-22T03:39:32.158Z","message":"Usuario ya autenticado, redirigiendo a dashboard","usuario":"1012346553","sessionID":"BYdKu_Xyd_3FP5q319s2ppHst3j3_vh6"}
{"timestamp":"2025-04-22T03:39:32.215Z","message":"Usuario ya autenticado, redirigiendo a dashboard","usuario":"1012346553","sessionID":"BYdKu_Xyd_3FP5q319s2ppHst3j3_vh6"}
{"timestamp":"2025-04-22T03:39:32.249Z","message":"Usuario ya autenticado, redirigiendo a dashboard","usuario":"1012346553","sessionID":"BYdKu_Xyd_3FP5q319s2ppHst3j3_vh6"}
{"timestamp":"2025-04-22T03:39:32.291Z","message":"Usuario ya autenticado, redirigiendo a dashboard","usuario":"1012346553","sessionID":"BYdKu_Xyd_3FP5q319s2ppHst3j3_vh6"}
{"timestamp":"2025-04-22T03:39:32.364Z","message":"Usuario ya autenticado, redirigiendo a dashboard","usuario":"1012346553","sessionID":"BYdKu_Xyd_3FP5q319s2ppHst3j3_vh6"}
{"timestamp":"2025-04-22T03:39:32.597Z","message":"Usuario ya autenticado, redirigiendo a dashboard","usuario":"1012346553","sessionID":"BYdKu_Xyd_3FP5q319s2ppHst3j3_vh6"}
{"timestamp":"2025-04-22T03:39:32.676Z","message":"Usuario ya autenticado, redirigiendo a dashboard","usuario":"1012346553","sessionID":"BYdKu_Xyd_3FP5q319s2ppHst3j3_vh6"}
{"timestamp":"2025-04-22T03:39:32.707Z","message":"Usuario ya autenticado, redirigiendo a dashboard","usuario":"1012346553","sessionID":"BYdKu_Xyd_3FP5q319s2ppHst3j3_vh6"}
{"timestamp":"2025-04-22T03:39:32.733Z","message":"Usuario ya autenticado, redirigiendo a dashboard","usuario":"1012346553","sessionID":"BYdKu_Xyd_3FP5q319s2ppHst3j3_vh6"}
{"timestamp":"2025-04-22T03:39:32.780Z","message":"Usuario ya autenticado, redirigiendo a dashboard","usuario":"1012346553","sessionID":"BYdKu_Xyd_3FP5q319s2ppHst3j3_vh6"}
{"timestamp":"2025-04-22T03:39:50.605Z","message":"Intento de inicio de sesión","documento":"1012346553","ip":"::1","userAgent":"Mozilla/5.0 (Windows NT 10.0; Win64; x64) AppleWebKit/537.36 (KHTML, like Gecko) Chrome/131.0.0.0 Safari/537.36","sessionID":"BYdKu_Xyd_3FP5q319s2ppHst3j3_vh6","originalUrl":"/login","headers":{"host":"localhost:3000","connection":"keep-alive","content-length":"39","cache-control":"max-age=0","sec-ch-ua":"\"Google Chrome\";v=\"131\", \"Chromium\";v=\"131\", \"Not_A Brand\";v=\"24\"","sec-ch-ua-mobile":"?0","sec-ch-ua-platform":"\"Windows\"","origin":"http://localhost:3000","content-type":"application/x-www-form-urlencoded","upgrade-insecure-requests":"1","user-agent":"Mozilla/5.0 (Windows NT 10.0; Win64; x64) AppleWebKit/537.36 (KHTML, like Gecko) Chrome/131.0.0.0 Safari/537.36","accept":"text/html,application/xhtml+xml,application/xml;q=0.9,image/avif,image/webp,image/apng,*/*;q=0.8,application/signed-exchange;v=b3;q=0.7","sec-fetch-site":"same-origin","sec-fetch-mode":"navigate","sec-fetch-user":"?1","sec-fetch-dest":"document","referer":"http://localhost:3000/login","accept-encoding":"gzip, deflate, br, zstd","accept-language":"es-419,es;q=0.9","cookie":"parqueadero.sid=s%3AanZ1apyPETmLCSfJq_Zqv3OrSjCoEyVi.4XImcByUwcHHy2QIQoy3sPcxCUC18VezCp9yyLTO%2Bus; connect.sid=s%3A5PC6aOZvQhOlg016n-n0lwGHHI-ae-iz.GIbn0SxFPi9fawJ%2FxS2X4HeNKIEkM2b8WYWIFLje5uo; parqueadero_session=s%3ABYdKu_Xyd_3FP5q319s2ppHst3j3_vh6.kN4bEiV7F2sf%2FxvkBPfNE3Va%2FcX%2F%2Fn5mWp77i9F%2Bqbc"}}
{"timestamp":"2025-04-22T03:39:50.608Z","message":"Usuario encontrado","documento":"1012346553","id":1,"rol":"SUPER ADMINISTRADOR"}
{"timestamp":"2025-04-22T03:39:50.704Z","message":"Sesión regenerada con éxito","documento":"1012346553","newSessionID":"0teuxR5qrFNkhhoH2hJIZnnbOtYqKrOq"}
{"timestamp":"2025-04-22T03:39:50.706Z","message":"Información de usuario almacenada en sesión","sessionID":"0teuxR5qrFNkhhoH2hJIZnnbOtYqKrOq","usuario":{"id":1,"nombres":"FABIAN","apellidos":"GOMEZ","documento":"1012346553","rol_id":1,"rol_nombre":"SUPER ADMINISTRADOR","login_time":"2025-04-22T03:39:50.706Z"}}
{"timestamp":"2025-04-22T03:39:50.709Z","message":"Permisos cargados","documento":"1012346553","permisos":["facturas electrónicas ","Mensualidades","Parqueadero","Permisos","Roles","Tipos de Vehículos","Usuarios","vehículos exentos"],"sessionID":"0teuxR5qrFNkhhoH2hJIZnnbOtYqKrOq"}
{"timestamp":"2025-04-22T03:39:50.710Z","message":"Sesión guardada con éxito","documento":"1012346553","sessionID":"0teuxR5qrFNkhhoH2hJIZnnbOtYqKrOq"}
{"timestamp":"2025-04-22T03:39:50.711Z","message":"Inicio de sesión exitoso","documento":"1012346553","sessionID":"0teuxR5qrFNkhhoH2hJIZnnbOtYqKrOq"}
{"timestamp":"2025-04-22T03:39:50.767Z","message":"Usuario ya autenticado, redirigiendo a dashboard","usuario":"1012346553","sessionID":"0teuxR5qrFNkhhoH2hJIZnnbOtYqKrOq"}
{"timestamp":"2025-04-22T03:39:50.809Z","message":"Usuario ya autenticado, redirigiendo a dashboard","usuario":"1012346553","sessionID":"0teuxR5qrFNkhhoH2hJIZnnbOtYqKrOq"}
{"timestamp":"2025-04-22T03:39:50.840Z","message":"Usuario ya autenticado, redirigiendo a dashboard","usuario":"1012346553","sessionID":"0teuxR5qrFNkhhoH2hJIZnnbOtYqKrOq"}
{"timestamp":"2025-04-22T03:39:50.876Z","message":"Usuario ya autenticado, redirigiendo a dashboard","usuario":"1012346553","sessionID":"0teuxR5qrFNkhhoH2hJIZnnbOtYqKrOq"}
{"timestamp":"2025-04-22T03:39:50.910Z","message":"Usuario ya autenticado, redirigiendo a dashboard","usuario":"1012346553","sessionID":"0teuxR5qrFNkhhoH2hJIZnnbOtYqKrOq"}
{"timestamp":"2025-04-22T03:39:50.939Z","message":"Usuario ya autenticado, redirigiendo a dashboard","usuario":"1012346553","sessionID":"0teuxR5qrFNkhhoH2hJIZnnbOtYqKrOq"}
{"timestamp":"2025-04-22T03:39:50.975Z","message":"Usuario ya autenticado, redirigiendo a dashboard","usuario":"1012346553","sessionID":"0teuxR5qrFNkhhoH2hJIZnnbOtYqKrOq"}
{"timestamp":"2025-04-22T03:39:50.996Z","message":"Usuario ya autenticado, redirigiendo a dashboard","usuario":"1012346553","sessionID":"0teuxR5qrFNkhhoH2hJIZnnbOtYqKrOq"}
{"timestamp":"2025-04-22T03:39:51.026Z","message":"Usuario ya autenticado, redirigiendo a dashboard","usuario":"1012346553","sessionID":"0teuxR5qrFNkhhoH2hJIZnnbOtYqKrOq"}
{"timestamp":"2025-04-22T03:39:52.158Z","message":"Usuario ya autenticado, redirigiendo a dashboard","usuario":"1012346553","sessionID":"0teuxR5qrFNkhhoH2hJIZnnbOtYqKrOq"}
{"timestamp":"2025-04-22T03:39:52.203Z","message":"Usuario ya autenticado, redirigiendo a dashboard","usuario":"1012346553","sessionID":"0teuxR5qrFNkhhoH2hJIZnnbOtYqKrOq"}
{"timestamp":"2025-04-22T03:39:52.253Z","message":"Usuario ya autenticado, redirigiendo a dashboard","usuario":"1012346553","sessionID":"0teuxR5qrFNkhhoH2hJIZnnbOtYqKrOq"}
{"timestamp":"2025-04-22T03:39:52.302Z","message":"Usuario ya autenticado, redirigiendo a dashboard","usuario":"1012346553","sessionID":"0teuxR5qrFNkhhoH2hJIZnnbOtYqKrOq"}
{"timestamp":"2025-04-22T03:39:52.339Z","message":"Usuario ya autenticado, redirigiendo a dashboard","usuario":"1012346553","sessionID":"0teuxR5qrFNkhhoH2hJIZnnbOtYqKrOq"}
{"timestamp":"2025-04-22T03:39:52.420Z","message":"Usuario ya autenticado, redirigiendo a dashboard","usuario":"1012346553","sessionID":"0teuxR5qrFNkhhoH2hJIZnnbOtYqKrOq"}
{"timestamp":"2025-04-22T03:39:52.455Z","message":"Usuario ya autenticado, redirigiendo a dashboard","usuario":"1012346553","sessionID":"0teuxR5qrFNkhhoH2hJIZnnbOtYqKrOq"}
{"timestamp":"2025-04-22T03:39:52.488Z","message":"Usuario ya autenticado, redirigiendo a dashboard","usuario":"1012346553","sessionID":"0teuxR5qrFNkhhoH2hJIZnnbOtYqKrOq"}
{"timestamp":"2025-04-22T03:39:52.525Z","message":"Usuario ya autenticado, redirigiendo a dashboard","usuario":"1012346553","sessionID":"0teuxR5qrFNkhhoH2hJIZnnbOtYqKrOq"}
{"timestamp":"2025-04-22T03:39:52.557Z","message":"Usuario ya autenticado, redirigiendo a dashboard","usuario":"1012346553","sessionID":"0teuxR5qrFNkhhoH2hJIZnnbOtYqKrOq"}
{"timestamp":"2025-04-22T03:39:57.599Z","message":"Usuario ya autenticado, redirigiendo a dashboard","usuario":"1012346553","sessionID":"0teuxR5qrFNkhhoH2hJIZnnbOtYqKrOq"}
{"timestamp":"2025-04-22T03:39:57.641Z","message":"Usuario ya autenticado, redirigiendo a dashboard","usuario":"1012346553","sessionID":"0teuxR5qrFNkhhoH2hJIZnnbOtYqKrOq"}
{"timestamp":"2025-04-22T03:39:57.688Z","message":"Usuario ya autenticado, redirigiendo a dashboard","usuario":"1012346553","sessionID":"0teuxR5qrFNkhhoH2hJIZnnbOtYqKrOq"}
{"timestamp":"2025-04-22T03:39:57.736Z","message":"Usuario ya autenticado, redirigiendo a dashboard","usuario":"1012346553","sessionID":"0teuxR5qrFNkhhoH2hJIZnnbOtYqKrOq"}
{"timestamp":"2025-04-22T03:39:57.803Z","message":"Usuario ya autenticado, redirigiendo a dashboard","usuario":"1012346553","sessionID":"0teuxR5qrFNkhhoH2hJIZnnbOtYqKrOq"}
{"timestamp":"2025-04-22T03:39:57.874Z","message":"Usuario ya autenticado, redirigiendo a dashboard","usuario":"1012346553","sessionID":"0teuxR5qrFNkhhoH2hJIZnnbOtYqKrOq"}
{"timestamp":"2025-04-22T03:39:57.902Z","message":"Usuario ya autenticado, redirigiendo a dashboard","usuario":"1012346553","sessionID":"0teuxR5qrFNkhhoH2hJIZnnbOtYqKrOq"}
{"timestamp":"2025-04-22T03:39:57.975Z","message":"Usuario ya autenticado, redirigiendo a dashboard","usuario":"1012346553","sessionID":"0teuxR5qrFNkhhoH2hJIZnnbOtYqKrOq"}
{"timestamp":"2025-04-22T03:39:58.022Z","message":"Usuario ya autenticado, redirigiendo a dashboard","usuario":"1012346553","sessionID":"0teuxR5qrFNkhhoH2hJIZnnbOtYqKrOq"}
{"timestamp":"2025-04-22T03:39:58.055Z","message":"Usuario ya autenticado, redirigiendo a dashboard","usuario":"1012346553","sessionID":"0teuxR5qrFNkhhoH2hJIZnnbOtYqKrOq"}
{"timestamp":"2025-04-22T03:40:24.630Z","message":"Intento de inicio de sesión","documento":"1012346553","ip":"::1","userAgent":"Mozilla/5.0 (Windows NT 10.0; Win64; x64) AppleWebKit/537.36 (KHTML, like Gecko) Chrome/131.0.0.0 Safari/537.36","sessionID":"x5L7nKTs80li-z-nR1lvgFPw0aGm064A","originalUrl":"/login","headers":{"host":"localhost:3000","connection":"keep-alive","content-length":"39","cache-control":"max-age=0","sec-ch-ua":"\"Google Chrome\";v=\"131\", \"Chromium\";v=\"131\", \"Not_A Brand\";v=\"24\"","sec-ch-ua-mobile":"?0","sec-ch-ua-platform":"\"Windows\"","origin":"http://localhost:3000","dnt":"1","upgrade-insecure-requests":"1","content-type":"application/x-www-form-urlencoded","user-agent":"Mozilla/5.0 (Windows NT 10.0; Win64; x64) AppleWebKit/537.36 (KHTML, like Gecko) Chrome/131.0.0.0 Safari/537.36","accept":"text/html,application/xhtml+xml,application/xml;q=0.9,image/avif,image/webp,image/apng,*/*;q=0.8,application/signed-exchange;v=b3;q=0.7","sec-fetch-site":"same-origin","sec-fetch-mode":"navigate","sec-fetch-user":"?1","sec-fetch-dest":"document","referer":"http://localhost:3000/login","accept-encoding":"gzip, deflate, br, zstd","accept-language":"es-US,es-CO;q=0.9,es-419;q=0.8,es;q=0.7,en;q=0.6","cookie":"connect.sid=s%3AzeZccU-dqLF2TXODXCKV1lWCoTAaGx9B.hBPT%2FCymqGfNRvwMKNIFh5xtBMVMBVy99ATTSei77SE; parqueadero_session=s%3Ax5L7nKTs80li-z-nR1lvgFPw0aGm064A.QegfykJUPqu2%2FPJzpg182KS7C91SGOi5g40dYgto9e0"}}
{"timestamp":"2025-04-22T03:40:24.643Z","message":"Usuario encontrado","documento":"1012346553","id":1,"rol":"SUPER ADMINISTRADOR"}
{"timestamp":"2025-04-22T03:40:24.745Z","message":"Sesión regenerada con éxito","documento":"1012346553","newSessionID":"L_FVCVpVHorvw_CAY05MrZqDA4KhYd4y"}
{"timestamp":"2025-04-22T03:40:24.746Z","message":"Información de usuario almacenada en sesión","sessionID":"L_FVCVpVHorvw_CAY05MrZqDA4KhYd4y","usuario":{"id":1,"nombres":"FABIAN","apellidos":"GOMEZ","documento":"1012346553","rol_id":1,"rol_nombre":"SUPER ADMINISTRADOR","login_time":"2025-04-22T03:40:24.746Z"}}
{"timestamp":"2025-04-22T03:40:24.748Z","message":"Permisos cargados","documento":"1012346553","permisos":["facturas electrónicas ","Mensualidades","Parqueadero","Permisos","Roles","Tipos de Vehículos","Usuarios","vehículos exentos"],"sessionID":"L_FVCVpVHorvw_CAY05MrZqDA4KhYd4y"}
{"timestamp":"2025-04-22T03:40:24.749Z","message":"Sesión guardada con éxito","documento":"1012346553","sessionID":"L_FVCVpVHorvw_CAY05MrZqDA4KhYd4y"}
{"timestamp":"2025-04-22T03:40:24.750Z","message":"Inicio de sesión exitoso","documento":"1012346553","sessionID":"L_FVCVpVHorvw_CAY05MrZqDA4KhYd4y"}
{"timestamp":"2025-04-22T03:40:24.782Z","message":"Usuario ya autenticado, redirigiendo a dashboard","usuario":"1012346553","sessionID":"L_FVCVpVHorvw_CAY05MrZqDA4KhYd4y"}
{"timestamp":"2025-04-22T03:40:24.833Z","message":"Usuario ya autenticado, redirigiendo a dashboard","usuario":"1012346553","sessionID":"L_FVCVpVHorvw_CAY05MrZqDA4KhYd4y"}
{"timestamp":"2025-04-22T03:40:24.862Z","message":"Usuario ya autenticado, redirigiendo a dashboard","usuario":"1012346553","sessionID":"L_FVCVpVHorvw_CAY05MrZqDA4KhYd4y"}
{"timestamp":"2025-04-22T03:40:24.914Z","message":"Usuario ya autenticado, redirigiendo a dashboard","usuario":"1012346553","sessionID":"L_FVCVpVHorvw_CAY05MrZqDA4KhYd4y"}
{"timestamp":"2025-04-22T03:40:24.939Z","message":"Usuario ya autenticado, redirigiendo a dashboard","usuario":"1012346553","sessionID":"L_FVCVpVHorvw_CAY05MrZqDA4KhYd4y"}
{"timestamp":"2025-04-22T03:40:24.960Z","message":"Usuario ya autenticado, redirigiendo a dashboard","usuario":"1012346553","sessionID":"L_FVCVpVHorvw_CAY05MrZqDA4KhYd4y"}
{"timestamp":"2025-04-22T03:40:24.995Z","message":"Usuario ya autenticado, redirigiendo a dashboard","usuario":"1012346553","sessionID":"L_FVCVpVHorvw_CAY05MrZqDA4KhYd4y"}
{"timestamp":"2025-04-22T03:40:25.019Z","message":"Usuario ya autenticado, redirigiendo a dashboard","usuario":"1012346553","sessionID":"L_FVCVpVHorvw_CAY05MrZqDA4KhYd4y"}
{"timestamp":"2025-04-22T03:40:25.043Z","message":"Usuario ya autenticado, redirigiendo a dashboard","usuario":"1012346553","sessionID":"L_FVCVpVHorvw_CAY05MrZqDA4KhYd4y"}
{"timestamp":"2025-04-22T03:40:26.158Z","message":"Usuario ya autenticado, redirigiendo a dashboard","usuario":"1012346553","sessionID":"L_FVCVpVHorvw_CAY05MrZqDA4KhYd4y"}
{"timestamp":"2025-04-22T03:40:26.196Z","message":"Usuario ya autenticado, redirigiendo a dashboard","usuario":"1012346553","sessionID":"L_FVCVpVHorvw_CAY05MrZqDA4KhYd4y"}
{"timestamp":"2025-04-22T03:40:26.224Z","message":"Usuario ya autenticado, redirigiendo a dashboard","usuario":"1012346553","sessionID":"L_FVCVpVHorvw_CAY05MrZqDA4KhYd4y"}
{"timestamp":"2025-04-22T03:40:26.255Z","message":"Usuario ya autenticado, redirigiendo a dashboard","usuario":"1012346553","sessionID":"L_FVCVpVHorvw_CAY05MrZqDA4KhYd4y"}
{"timestamp":"2025-04-22T03:40:26.314Z","message":"Usuario ya autenticado, redirigiendo a dashboard","usuario":"1012346553","sessionID":"L_FVCVpVHorvw_CAY05MrZqDA4KhYd4y"}
{"timestamp":"2025-04-22T03:40:26.344Z","message":"Usuario ya autenticado, redirigiendo a dashboard","usuario":"1012346553","sessionID":"L_FVCVpVHorvw_CAY05MrZqDA4KhYd4y"}
{"timestamp":"2025-04-22T03:40:26.397Z","message":"Usuario ya autenticado, redirigiendo a dashboard","usuario":"1012346553","sessionID":"L_FVCVpVHorvw_CAY05MrZqDA4KhYd4y"}
{"timestamp":"2025-04-22T03:40:26.430Z","message":"Usuario ya autenticado, redirigiendo a dashboard","usuario":"1012346553","sessionID":"L_FVCVpVHorvw_CAY05MrZqDA4KhYd4y"}
{"timestamp":"2025-04-22T03:40:26.461Z","message":"Usuario ya autenticado, redirigiendo a dashboard","usuario":"1012346553","sessionID":"L_FVCVpVHorvw_CAY05MrZqDA4KhYd4y"}
{"timestamp":"2025-04-22T03:40:28.192Z","message":"Usuario ya autenticado, redirigiendo a dashboard","usuario":"1012346553","sessionID":"0teuxR5qrFNkhhoH2hJIZnnbOtYqKrOq"}
{"timestamp":"2025-04-22T03:40:28.258Z","message":"Usuario ya autenticado, redirigiendo a dashboard","usuario":"1012346553","sessionID":"0teuxR5qrFNkhhoH2hJIZnnbOtYqKrOq"}
{"timestamp":"2025-04-22T03:40:28.362Z","message":"Usuario ya autenticado, redirigiendo a dashboard","usuario":"1012346553","sessionID":"0teuxR5qrFNkhhoH2hJIZnnbOtYqKrOq"}
{"timestamp":"2025-04-22T03:40:28.399Z","message":"Usuario ya autenticado, redirigiendo a dashboard","usuario":"1012346553","sessionID":"0teuxR5qrFNkhhoH2hJIZnnbOtYqKrOq"}
{"timestamp":"2025-04-22T03:40:28.425Z","message":"Usuario ya autenticado, redirigiendo a dashboard","usuario":"1012346553","sessionID":"0teuxR5qrFNkhhoH2hJIZnnbOtYqKrOq"}
{"timestamp":"2025-04-22T03:40:28.456Z","message":"Usuario ya autenticado, redirigiendo a dashboard","usuario":"1012346553","sessionID":"0teuxR5qrFNkhhoH2hJIZnnbOtYqKrOq"}
{"timestamp":"2025-04-22T03:40:28.491Z","message":"Usuario ya autenticado, redirigiendo a dashboard","usuario":"1012346553","sessionID":"0teuxR5qrFNkhhoH2hJIZnnbOtYqKrOq"}
{"timestamp":"2025-04-22T03:40:28.545Z","message":"Usuario ya autenticado, redirigiendo a dashboard","usuario":"1012346553","sessionID":"0teuxR5qrFNkhhoH2hJIZnnbOtYqKrOq"}
{"timestamp":"2025-04-22T03:40:28.578Z","message":"Usuario ya autenticado, redirigiendo a dashboard","usuario":"1012346553","sessionID":"L_FVCVpVHorvw_CAY05MrZqDA4KhYd4y"}
{"timestamp":"2025-04-22T03:40:28.604Z","message":"Usuario ya autenticado, redirigiendo a dashboard","usuario":"1012346553","sessionID":"0teuxR5qrFNkhhoH2hJIZnnbOtYqKrOq"}
{"timestamp":"2025-04-22T03:40:28.624Z","message":"Usuario ya autenticado, redirigiendo a dashboard","usuario":"1012346553","sessionID":"L_FVCVpVHorvw_CAY05MrZqDA4KhYd4y"}
{"timestamp":"2025-04-22T03:40:28.655Z","message":"Usuario ya autenticado, redirigiendo a dashboard","usuario":"1012346553","sessionID":"0teuxR5qrFNkhhoH2hJIZnnbOtYqKrOq"}
{"timestamp":"2025-04-22T03:40:28.730Z","message":"Usuario ya autenticado, redirigiendo a dashboard","usuario":"1012346553","sessionID":"L_FVCVpVHorvw_CAY05MrZqDA4KhYd4y"}
{"timestamp":"2025-04-22T03:40:28.888Z","message":"Usuario ya autenticado, redirigiendo a dashboard","usuario":"1012346553","sessionID":"L_FVCVpVHorvw_CAY05MrZqDA4KhYd4y"}
{"timestamp":"2025-04-22T03:40:28.962Z","message":"Usuario ya autenticado, redirigiendo a dashboard","usuario":"1012346553","sessionID":"L_FVCVpVHorvw_CAY05MrZqDA4KhYd4y"}
{"timestamp":"2025-04-22T03:40:29.010Z","message":"Usuario ya autenticado, redirigiendo a dashboard","usuario":"1012346553","sessionID":"L_FVCVpVHorvw_CAY05MrZqDA4KhYd4y"}
{"timestamp":"2025-04-22T03:40:29.052Z","message":"Usuario ya autenticado, redirigiendo a dashboard","usuario":"1012346553","sessionID":"L_FVCVpVHorvw_CAY05MrZqDA4KhYd4y"}
{"timestamp":"2025-04-22T03:40:29.092Z","message":"Usuario ya autenticado, redirigiendo a dashboard","usuario":"1012346553","sessionID":"L_FVCVpVHorvw_CAY05MrZqDA4KhYd4y"}
{"timestamp":"2025-04-22T03:40:29.128Z","message":"Usuario ya autenticado, redirigiendo a dashboard","usuario":"1012346553","sessionID":"L_FVCVpVHorvw_CAY05MrZqDA4KhYd4y"}
{"timestamp":"2025-04-22T03:40:29.158Z","message":"Usuario ya autenticado, redirigiendo a dashboard","usuario":"1012346553","sessionID":"L_FVCVpVHorvw_CAY05MrZqDA4KhYd4y"}
{"timestamp":"2025-04-22T03:40:34.227Z","message":"Usuario ya autenticado, redirigiendo a dashboard","usuario":"1012346553","sessionID":"L_FVCVpVHorvw_CAY05MrZqDA4KhYd4y"}
{"timestamp":"2025-04-22T03:40:34.290Z","message":"Usuario ya autenticado, redirigiendo a dashboard","usuario":"1012346553","sessionID":"L_FVCVpVHorvw_CAY05MrZqDA4KhYd4y"}
{"timestamp":"2025-04-22T03:40:34.348Z","message":"Usuario ya autenticado, redirigiendo a dashboard","usuario":"1012346553","sessionID":"L_FVCVpVHorvw_CAY05MrZqDA4KhYd4y"}
{"timestamp":"2025-04-22T03:40:34.386Z","message":"Usuario ya autenticado, redirigiendo a dashboard","usuario":"1012346553","sessionID":"L_FVCVpVHorvw_CAY05MrZqDA4KhYd4y"}
{"timestamp":"2025-04-22T03:40:34.419Z","message":"Usuario ya autenticado, redirigiendo a dashboard","usuario":"1012346553","sessionID":"L_FVCVpVHorvw_CAY05MrZqDA4KhYd4y"}
{"timestamp":"2025-04-22T03:40:34.451Z","message":"Usuario ya autenticado, redirigiendo a dashboard","usuario":"1012346553","sessionID":"L_FVCVpVHorvw_CAY05MrZqDA4KhYd4y"}
{"timestamp":"2025-04-22T03:40:34.483Z","message":"Usuario ya autenticado, redirigiendo a dashboard","usuario":"1012346553","sessionID":"L_FVCVpVHorvw_CAY05MrZqDA4KhYd4y"}
{"timestamp":"2025-04-22T03:40:34.520Z","message":"Usuario ya autenticado, redirigiendo a dashboard","usuario":"1012346553","sessionID":"L_FVCVpVHorvw_CAY05MrZqDA4KhYd4y"}
{"timestamp":"2025-04-22T03:40:34.556Z","message":"Usuario ya autenticado, redirigiendo a dashboard","usuario":"1012346553","sessionID":"L_FVCVpVHorvw_CAY05MrZqDA4KhYd4y"}
{"timestamp":"2025-04-22T03:40:34.613Z","message":"Usuario ya autenticado, redirigiendo a dashboard","usuario":"1012346553","sessionID":"L_FVCVpVHorvw_CAY05MrZqDA4KhYd4y"}
