2025-04-22T03:16:13.612Z - Sesión: {"sessionID":"jNghT6YG8mcYKPFcPinrG11UrGcRvXHQ","tieneUsuario":false,"path":"/dashboard"}
2025-04-22T03:16:15.850Z - Sesión: {"sessionID":"hktWlrP1Hy39ASaMonwBi-NacTtpmv7y","tieneUsuario":true,"path":"/dashboard"}
2025-04-22T03:16:17.505Z - Sesión: {"sessionID":"hktWlrP1Hy39ASaMonwBi-NacTtpmv7y","tieneUsuario":true,"path":"/parqueadero"}
2025-04-22T03:16:17.683Z - Sesión: {"sessionID":"hktWlrP1Hy39ASaMonwBi-NacTtpmv7y","tieneUsuario":true,"path":"/parqueadero/estadisticas"}
2025-04-22T03:16:17.688Z - Sesión: {"sessionID":"hktWlrP1Hy39ASaMonwBi-NacTtpmv7y","tieneUsuario":true,"path":"/parqueadero/efectivo-en-caja"}
2025-04-22T03:16:17.795Z - Sesión: {"sessionID":"hktWlrP1Hy39ASaMonwBi-NacTtpmv7y","tieneUsuario":true,"path":"/parqueadero/estadisticas"}
2025-04-22T03:37:27.407Z - Sesión: {"sessionID":"ISPmLckRVpguKuxUGV1hyGfsuFAtNRir","tieneUsuario":false,"path":"/"}
2025-04-22T03:37:28.397Z - Sesión: {"sessionID":"ISPmLckRVpguKuxUGV1hyGfsuFAtNRir","tieneUsuario":false,"path":"/"}
2025-04-22T03:37:30.656Z - Sesión: {"sessionID":"74YOkV_H7LA8vBf0x2xrOIjn7MtejV41","tieneUsuario":true,"path":"/dashboard"}
2025-04-22T03:37:30.694Z - Sesión: {"sessionID":"74YOkV_H7LA8vBf0x2xrOIjn7MtejV41","tieneUsuario":true,"path":"/dashboard"}
2025-04-22T03:37:30.758Z - Sesión: {"sessionID":"74YOkV_H7LA8vBf0x2xrOIjn7MtejV41","tieneUsuario":true,"path":"/dashboard"}
2025-04-22T03:37:30.791Z - Sesión: {"sessionID":"74YOkV_H7LA8vBf0x2xrOIjn7MtejV41","tieneUsuario":true,"path":"/dashboard"}
2025-04-22T03:37:30.824Z - Sesión: {"sessionID":"74YOkV_H7LA8vBf0x2xrOIjn7MtejV41","tieneUsuario":true,"path":"/dashboard"}
2025-04-22T03:37:30.858Z - Sesión: {"sessionID":"74YOkV_H7LA8vBf0x2xrOIjn7MtejV41","tieneUsuario":true,"path":"/dashboard"}
2025-04-22T03:37:30.884Z - Sesión: {"sessionID":"74YOkV_H7LA8vBf0x2xrOIjn7MtejV41","tieneUsuario":true,"path":"/dashboard"}
2025-04-22T03:37:30.918Z - Sesión: {"sessionID":"74YOkV_H7LA8vBf0x2xrOIjn7MtejV41","tieneUsuario":true,"path":"/dashboard"}
2025-04-22T03:37:30.949Z - Sesión: {"sessionID":"74YOkV_H7LA8vBf0x2xrOIjn7MtejV41","tieneUsuario":true,"path":"/dashboard"}
2025-04-22T03:37:30.981Z - Sesión: {"sessionID":"74YOkV_H7LA8vBf0x2xrOIjn7MtejV41","tieneUsuario":true,"path":"/dashboard"}
2025-04-22T03:37:32.058Z - Sesión: {"sessionID":"74YOkV_H7LA8vBf0x2xrOIjn7MtejV41","tieneUsuario":true,"path":"/dashboard"}
2025-04-22T03:37:32.101Z - Sesión: {"sessionID":"74YOkV_H7LA8vBf0x2xrOIjn7MtejV41","tieneUsuario":true,"path":"/dashboard"}
2025-04-22T03:37:32.145Z - Sesión: {"sessionID":"74YOkV_H7LA8vBf0x2xrOIjn7MtejV41","tieneUsuario":true,"path":"/dashboard"}
2025-04-22T03:37:32.181Z - Sesión: {"sessionID":"74YOkV_H7LA8vBf0x2xrOIjn7MtejV41","tieneUsuario":true,"path":"/dashboard"}
2025-04-22T03:37:32.227Z - Sesión: {"sessionID":"74YOkV_H7LA8vBf0x2xrOIjn7MtejV41","tieneUsuario":true,"path":"/dashboard"}
2025-04-22T03:37:32.262Z - Sesión: {"sessionID":"74YOkV_H7LA8vBf0x2xrOIjn7MtejV41","tieneUsuario":true,"path":"/dashboard"}
2025-04-22T03:37:32.299Z - Sesión: {"sessionID":"74YOkV_H7LA8vBf0x2xrOIjn7MtejV41","tieneUsuario":true,"path":"/dashboard"}
2025-04-22T03:37:32.326Z - Sesión: {"sessionID":"74YOkV_H7LA8vBf0x2xrOIjn7MtejV41","tieneUsuario":true,"path":"/dashboard"}
2025-04-22T03:37:32.363Z - Sesión: {"sessionID":"74YOkV_H7LA8vBf0x2xrOIjn7MtejV41","tieneUsuario":true,"path":"/dashboard"}
2025-04-22T03:37:32.398Z - Sesión: {"sessionID":"74YOkV_H7LA8vBf0x2xrOIjn7MtejV41","tieneUsuario":true,"path":"/dashboard"}
2025-04-22T03:37:37.044Z - Sesión: {"sessionID":"74YOkV_H7LA8vBf0x2xrOIjn7MtejV41","tieneUsuario":true,"path":"/dashboard"}
2025-04-22T03:37:37.080Z - Sesión: {"sessionID":"74YOkV_H7LA8vBf0x2xrOIjn7MtejV41","tieneUsuario":true,"path":"/dashboard"}
2025-04-22T03:37:37.111Z - Sesión: {"sessionID":"74YOkV_H7LA8vBf0x2xrOIjn7MtejV41","tieneUsuario":true,"path":"/dashboard"}
2025-04-22T03:37:37.145Z - Sesión: {"sessionID":"74YOkV_H7LA8vBf0x2xrOIjn7MtejV41","tieneUsuario":true,"path":"/dashboard"}
2025-04-22T03:37:37.177Z - Sesión: {"sessionID":"74YOkV_H7LA8vBf0x2xrOIjn7MtejV41","tieneUsuario":true,"path":"/dashboard"}
2025-04-22T03:37:37.211Z - Sesión: {"sessionID":"74YOkV_H7LA8vBf0x2xrOIjn7MtejV41","tieneUsuario":true,"path":"/dashboard"}
2025-04-22T03:37:37.258Z - Sesión: {"sessionID":"74YOkV_H7LA8vBf0x2xrOIjn7MtejV41","tieneUsuario":true,"path":"/dashboard"}
2025-04-22T03:37:37.297Z - Sesión: {"sessionID":"74YOkV_H7LA8vBf0x2xrOIjn7MtejV41","tieneUsuario":true,"path":"/dashboard"}
2025-04-22T03:37:37.340Z - Sesión: {"sessionID":"74YOkV_H7LA8vBf0x2xrOIjn7MtejV41","tieneUsuario":true,"path":"/dashboard"}
2025-04-22T03:37:37.373Z - Sesión: {"sessionID":"74YOkV_H7LA8vBf0x2xrOIjn7MtejV41","tieneUsuario":true,"path":"/dashboard"}
2025-04-22T03:39:16.413Z - Sesión: {"sessionID":"Aq4r6aqw4Z-RGVtfzagu9CukvW7Vl0oa","tieneUsuario":true,"path":"/dashboard"}
2025-04-22T03:39:16.456Z - Sesión: {"sessionID":"Aq4r6aqw4Z-RGVtfzagu9CukvW7Vl0oa","tieneUsuario":true,"path":"/dashboard"}
2025-04-22T03:39:16.497Z - Sesión: {"sessionID":"Aq4r6aqw4Z-RGVtfzagu9CukvW7Vl0oa","tieneUsuario":true,"path":"/dashboard"}
2025-04-22T03:39:16.536Z - Sesión: {"sessionID":"Aq4r6aqw4Z-RGVtfzagu9CukvW7Vl0oa","tieneUsuario":true,"path":"/dashboard"}
2025-04-22T03:39:16.566Z - Sesión: {"sessionID":"Aq4r6aqw4Z-RGVtfzagu9CukvW7Vl0oa","tieneUsuario":true,"path":"/dashboard"}
2025-04-22T03:39:16.620Z - Sesión: {"sessionID":"Aq4r6aqw4Z-RGVtfzagu9CukvW7Vl0oa","tieneUsuario":true,"path":"/dashboard"}
2025-04-22T03:39:16.657Z - Sesión: {"sessionID":"Aq4r6aqw4Z-RGVtfzagu9CukvW7Vl0oa","tieneUsuario":true,"path":"/dashboard"}
2025-04-22T03:39:16.689Z - Sesión: {"sessionID":"Aq4r6aqw4Z-RGVtfzagu9CukvW7Vl0oa","tieneUsuario":true,"path":"/dashboard"}
2025-04-22T03:39:16.720Z - Sesión: {"sessionID":"Aq4r6aqw4Z-RGVtfzagu9CukvW7Vl0oa","tieneUsuario":true,"path":"/dashboard"}
2025-04-22T03:39:16.759Z - Sesión: {"sessionID":"Aq4r6aqw4Z-RGVtfzagu9CukvW7Vl0oa","tieneUsuario":true,"path":"/dashboard"}
2025-04-22T03:39:17.839Z - Sesión: {"sessionID":"Aq4r6aqw4Z-RGVtfzagu9CukvW7Vl0oa","tieneUsuario":true,"path":"/dashboard"}
2025-04-22T03:39:17.898Z - Sesión: {"sessionID":"Aq4r6aqw4Z-RGVtfzagu9CukvW7Vl0oa","tieneUsuario":true,"path":"/dashboard"}
2025-04-22T03:39:17.938Z - Sesión: {"sessionID":"Aq4r6aqw4Z-RGVtfzagu9CukvW7Vl0oa","tieneUsuario":true,"path":"/dashboard"}
2025-04-22T03:39:17.967Z - Sesión: {"sessionID":"Aq4r6aqw4Z-RGVtfzagu9CukvW7Vl0oa","tieneUsuario":true,"path":"/dashboard"}
2025-04-22T03:39:18.022Z - Sesión: {"sessionID":"Aq4r6aqw4Z-RGVtfzagu9CukvW7Vl0oa","tieneUsuario":true,"path":"/dashboard"}
2025-04-22T03:39:18.055Z - Sesión: {"sessionID":"Aq4r6aqw4Z-RGVtfzagu9CukvW7Vl0oa","tieneUsuario":true,"path":"/dashboard"}
2025-04-22T03:39:18.094Z - Sesión: {"sessionID":"Aq4r6aqw4Z-RGVtfzagu9CukvW7Vl0oa","tieneUsuario":true,"path":"/dashboard"}
2025-04-22T03:39:18.128Z - Sesión: {"sessionID":"Aq4r6aqw4Z-RGVtfzagu9CukvW7Vl0oa","tieneUsuario":true,"path":"/dashboard"}
2025-04-22T03:39:18.162Z - Sesión: {"sessionID":"Aq4r6aqw4Z-RGVtfzagu9CukvW7Vl0oa","tieneUsuario":true,"path":"/dashboard"}
2025-04-22T03:39:18.198Z - Sesión: {"sessionID":"Aq4r6aqw4Z-RGVtfzagu9CukvW7Vl0oa","tieneUsuario":true,"path":"/dashboard"}
2025-04-22T03:39:21.140Z - Sesión: {"sessionID":"Aq4r6aqw4Z-RGVtfzagu9CukvW7Vl0oa","tieneUsuario":true,"path":"/dashboard"}
2025-04-22T03:39:21.189Z - Sesión: {"sessionID":"Aq4r6aqw4Z-RGVtfzagu9CukvW7Vl0oa","tieneUsuario":true,"path":"/dashboard"}
2025-04-22T03:39:21.225Z - Sesión: {"sessionID":"Aq4r6aqw4Z-RGVtfzagu9CukvW7Vl0oa","tieneUsuario":true,"path":"/dashboard"}
2025-04-22T03:39:21.286Z - Sesión: {"sessionID":"Aq4r6aqw4Z-RGVtfzagu9CukvW7Vl0oa","tieneUsuario":true,"path":"/dashboard"}
2025-04-22T03:39:21.321Z - Sesión: {"sessionID":"Aq4r6aqw4Z-RGVtfzagu9CukvW7Vl0oa","tieneUsuario":true,"path":"/dashboard"}
2025-04-22T03:39:21.350Z - Sesión: {"sessionID":"Aq4r6aqw4Z-RGVtfzagu9CukvW7Vl0oa","tieneUsuario":true,"path":"/dashboard"}
2025-04-22T03:39:21.384Z - Sesión: {"sessionID":"Aq4r6aqw4Z-RGVtfzagu9CukvW7Vl0oa","tieneUsuario":true,"path":"/dashboard"}
2025-04-22T03:39:21.414Z - Sesión: {"sessionID":"Aq4r6aqw4Z-RGVtfzagu9CukvW7Vl0oa","tieneUsuario":true,"path":"/dashboard"}
2025-04-22T03:39:21.443Z - Sesión: {"sessionID":"Aq4r6aqw4Z-RGVtfzagu9CukvW7Vl0oa","tieneUsuario":true,"path":"/dashboard"}
2025-04-22T03:39:21.476Z - Sesión: {"sessionID":"Aq4r6aqw4Z-RGVtfzagu9CukvW7Vl0oa","tieneUsuario":true,"path":"/dashboard"}
2025-04-22T03:39:22.873Z - Sesión: {"sessionID":"Aq4r6aqw4Z-RGVtfzagu9CukvW7Vl0oa","tieneUsuario":true,"path":"/dashboard"}
2025-04-22T03:39:22.926Z - Sesión: {"sessionID":"Aq4r6aqw4Z-RGVtfzagu9CukvW7Vl0oa","tieneUsuario":true,"path":"/dashboard"}
2025-04-22T03:39:22.954Z - Sesión: {"sessionID":"Aq4r6aqw4Z-RGVtfzagu9CukvW7Vl0oa","tieneUsuario":true,"path":"/dashboard"}
2025-04-22T03:39:22.984Z - Sesión: {"sessionID":"Aq4r6aqw4Z-RGVtfzagu9CukvW7Vl0oa","tieneUsuario":true,"path":"/dashboard"}
2025-04-22T03:39:23.024Z - Sesión: {"sessionID":"Aq4r6aqw4Z-RGVtfzagu9CukvW7Vl0oa","tieneUsuario":true,"path":"/dashboard"}
2025-04-22T03:39:23.046Z - Sesión: {"sessionID":"Aq4r6aqw4Z-RGVtfzagu9CukvW7Vl0oa","tieneUsuario":true,"path":"/dashboard"}
2025-04-22T03:39:23.076Z - Sesión: {"sessionID":"Aq4r6aqw4Z-RGVtfzagu9CukvW7Vl0oa","tieneUsuario":true,"path":"/dashboard"}
2025-04-22T03:39:23.116Z - Sesión: {"sessionID":"Aq4r6aqw4Z-RGVtfzagu9CukvW7Vl0oa","tieneUsuario":true,"path":"/dashboard"}
2025-04-22T03:39:23.163Z - Sesión: {"sessionID":"Aq4r6aqw4Z-RGVtfzagu9CukvW7Vl0oa","tieneUsuario":true,"path":"/dashboard"}
2025-04-22T03:39:23.222Z - Sesión: {"sessionID":"Aq4r6aqw4Z-RGVtfzagu9CukvW7Vl0oa","tieneUsuario":true,"path":"/dashboard"}
2025-04-22T03:39:25.362Z - Sesión: {"sessionID":"BYdKu_Xyd_3FP5q319s2ppHst3j3_vh6","tieneUsuario":true,"path":"/dashboard"}
2025-04-22T03:39:25.401Z - Sesión: {"sessionID":"BYdKu_Xyd_3FP5q319s2ppHst3j3_vh6","tieneUsuario":true,"path":"/dashboard"}
2025-04-22T03:39:25.429Z - Sesión: {"sessionID":"BYdKu_Xyd_3FP5q319s2ppHst3j3_vh6","tieneUsuario":true,"path":"/dashboard"}
2025-04-22T03:39:25.454Z - Sesión: {"sessionID":"BYdKu_Xyd_3FP5q319s2ppHst3j3_vh6","tieneUsuario":true,"path":"/dashboard"}
2025-04-22T03:39:25.482Z - Sesión: {"sessionID":"BYdKu_Xyd_3FP5q319s2ppHst3j3_vh6","tieneUsuario":true,"path":"/dashboard"}
2025-04-22T03:39:25.514Z - Sesión: {"sessionID":"BYdKu_Xyd_3FP5q319s2ppHst3j3_vh6","tieneUsuario":true,"path":"/dashboard"}
2025-04-22T03:39:25.564Z - Sesión: {"sessionID":"BYdKu_Xyd_3FP5q319s2ppHst3j3_vh6","tieneUsuario":true,"path":"/dashboard"}
2025-04-22T03:39:25.611Z - Sesión: {"sessionID":"BYdKu_Xyd_3FP5q319s2ppHst3j3_vh6","tieneUsuario":true,"path":"/dashboard"}
2025-04-22T03:39:25.656Z - Sesión: {"sessionID":"BYdKu_Xyd_3FP5q319s2ppHst3j3_vh6","tieneUsuario":true,"path":"/dashboard"}
2025-04-22T03:39:25.686Z - Sesión: {"sessionID":"BYdKu_Xyd_3FP5q319s2ppHst3j3_vh6","tieneUsuario":true,"path":"/dashboard"}
2025-04-22T03:39:26.777Z - Sesión: {"sessionID":"BYdKu_Xyd_3FP5q319s2ppHst3j3_vh6","tieneUsuario":true,"path":"/dashboard"}
2025-04-22T03:39:26.812Z - Sesión: {"sessionID":"BYdKu_Xyd_3FP5q319s2ppHst3j3_vh6","tieneUsuario":true,"path":"/dashboard"}
2025-04-22T03:39:26.845Z - Sesión: {"sessionID":"BYdKu_Xyd_3FP5q319s2ppHst3j3_vh6","tieneUsuario":true,"path":"/dashboard"}
2025-04-22T03:39:26.876Z - Sesión: {"sessionID":"BYdKu_Xyd_3FP5q319s2ppHst3j3_vh6","tieneUsuario":true,"path":"/dashboard"}
2025-04-22T03:39:26.949Z - Sesión: {"sessionID":"BYdKu_Xyd_3FP5q319s2ppHst3j3_vh6","tieneUsuario":true,"path":"/dashboard"}
2025-04-22T03:39:26.976Z - Sesión: {"sessionID":"BYdKu_Xyd_3FP5q319s2ppHst3j3_vh6","tieneUsuario":true,"path":"/dashboard"}
2025-04-22T03:39:27.004Z - Sesión: {"sessionID":"BYdKu_Xyd_3FP5q319s2ppHst3j3_vh6","tieneUsuario":true,"path":"/dashboard"}
2025-04-22T03:39:27.030Z - Sesión: {"sessionID":"BYdKu_Xyd_3FP5q319s2ppHst3j3_vh6","tieneUsuario":true,"path":"/dashboard"}
2025-04-22T03:39:27.054Z - Sesión: {"sessionID":"BYdKu_Xyd_3FP5q319s2ppHst3j3_vh6","tieneUsuario":true,"path":"/dashboard"}
2025-04-22T03:39:27.090Z - Sesión: {"sessionID":"BYdKu_Xyd_3FP5q319s2ppHst3j3_vh6","tieneUsuario":true,"path":"/dashboard"}
2025-04-22T03:39:32.187Z - Sesión: {"sessionID":"BYdKu_Xyd_3FP5q319s2ppHst3j3_vh6","tieneUsuario":true,"path":"/dashboard"}
2025-04-22T03:39:32.232Z - Sesión: {"sessionID":"BYdKu_Xyd_3FP5q319s2ppHst3j3_vh6","tieneUsuario":true,"path":"/dashboard"}
2025-04-22T03:39:32.278Z - Sesión: {"sessionID":"BYdKu_Xyd_3FP5q319s2ppHst3j3_vh6","tieneUsuario":true,"path":"/dashboard"}
2025-04-22T03:39:32.298Z - Sesión: {"sessionID":"BYdKu_Xyd_3FP5q319s2ppHst3j3_vh6","tieneUsuario":true,"path":"/dashboard"}
2025-04-22T03:39:32.501Z - Sesión: {"sessionID":"BYdKu_Xyd_3FP5q319s2ppHst3j3_vh6","tieneUsuario":true,"path":"/dashboard"}
2025-04-22T03:39:32.610Z - Sesión: {"sessionID":"BYdKu_Xyd_3FP5q319s2ppHst3j3_vh6","tieneUsuario":true,"path":"/dashboard"}
2025-04-22T03:39:32.683Z - Sesión: {"sessionID":"BYdKu_Xyd_3FP5q319s2ppHst3j3_vh6","tieneUsuario":true,"path":"/dashboard"}
2025-04-22T03:39:32.717Z - Sesión: {"sessionID":"BYdKu_Xyd_3FP5q319s2ppHst3j3_vh6","tieneUsuario":true,"path":"/dashboard"}
2025-04-22T03:39:32.747Z - Sesión: {"sessionID":"BYdKu_Xyd_3FP5q319s2ppHst3j3_vh6","tieneUsuario":true,"path":"/dashboard"}
2025-04-22T03:39:32.791Z - Sesión: {"sessionID":"BYdKu_Xyd_3FP5q319s2ppHst3j3_vh6","tieneUsuario":true,"path":"/dashboard"}
2025-04-22T03:39:50.725Z - Sesión: {"sessionID":"0teuxR5qrFNkhhoH2hJIZnnbOtYqKrOq","tieneUsuario":true,"path":"/dashboard"}
2025-04-22T03:39:50.792Z - Sesión: {"sessionID":"0teuxR5qrFNkhhoH2hJIZnnbOtYqKrOq","tieneUsuario":true,"path":"/dashboard"}
2025-04-22T03:39:50.823Z - Sesión: {"sessionID":"0teuxR5qrFNkhhoH2hJIZnnbOtYqKrOq","tieneUsuario":true,"path":"/dashboard"}
2025-04-22T03:39:50.849Z - Sesión: {"sessionID":"0teuxR5qrFNkhhoH2hJIZnnbOtYqKrOq","tieneUsuario":true,"path":"/dashboard"}
2025-04-22T03:39:50.889Z - Sesión: {"sessionID":"0teuxR5qrFNkhhoH2hJIZnnbOtYqKrOq","tieneUsuario":true,"path":"/dashboard"}
2025-04-22T03:39:50.923Z - Sesión: {"sessionID":"0teuxR5qrFNkhhoH2hJIZnnbOtYqKrOq","tieneUsuario":true,"path":"/dashboard"}
2025-04-22T03:39:50.949Z - Sesión: {"sessionID":"0teuxR5qrFNkhhoH2hJIZnnbOtYqKrOq","tieneUsuario":true,"path":"/dashboard"}
2025-04-22T03:39:50.985Z - Sesión: {"sessionID":"0teuxR5qrFNkhhoH2hJIZnnbOtYqKrOq","tieneUsuario":true,"path":"/dashboard"}
2025-04-22T03:39:51.007Z - Sesión: {"sessionID":"0teuxR5qrFNkhhoH2hJIZnnbOtYqKrOq","tieneUsuario":true,"path":"/dashboard"}
2025-04-22T03:39:51.036Z - Sesión: {"sessionID":"0teuxR5qrFNkhhoH2hJIZnnbOtYqKrOq","tieneUsuario":true,"path":"/dashboard"}
2025-04-22T03:39:52.122Z - Sesión: {"sessionID":"0teuxR5qrFNkhhoH2hJIZnnbOtYqKrOq","tieneUsuario":true,"path":"/dashboard"}
2025-04-22T03:39:52.175Z - Sesión: {"sessionID":"0teuxR5qrFNkhhoH2hJIZnnbOtYqKrOq","tieneUsuario":true,"path":"/dashboard"}
2025-04-22T03:39:52.219Z - Sesión: {"sessionID":"0teuxR5qrFNkhhoH2hJIZnnbOtYqKrOq","tieneUsuario":true,"path":"/dashboard"}
2025-04-22T03:39:52.288Z - Sesión: {"sessionID":"0teuxR5qrFNkhhoH2hJIZnnbOtYqKrOq","tieneUsuario":true,"path":"/dashboard"}
2025-04-22T03:39:52.312Z - Sesión: {"sessionID":"0teuxR5qrFNkhhoH2hJIZnnbOtYqKrOq","tieneUsuario":true,"path":"/dashboard"}
2025-04-22T03:39:52.374Z - Sesión: {"sessionID":"0teuxR5qrFNkhhoH2hJIZnnbOtYqKrOq","tieneUsuario":true,"path":"/dashboard"}
2025-04-22T03:39:52.432Z - Sesión: {"sessionID":"0teuxR5qrFNkhhoH2hJIZnnbOtYqKrOq","tieneUsuario":true,"path":"/dashboard"}
2025-04-22T03:39:52.464Z - Sesión: {"sessionID":"0teuxR5qrFNkhhoH2hJIZnnbOtYqKrOq","tieneUsuario":true,"path":"/dashboard"}
2025-04-22T03:39:52.505Z - Sesión: {"sessionID":"0teuxR5qrFNkhhoH2hJIZnnbOtYqKrOq","tieneUsuario":true,"path":"/dashboard"}
2025-04-22T03:39:52.542Z - Sesión: {"sessionID":"0teuxR5qrFNkhhoH2hJIZnnbOtYqKrOq","tieneUsuario":true,"path":"/dashboard"}
2025-04-22T03:39:57.617Z - Sesión: {"sessionID":"0teuxR5qrFNkhhoH2hJIZnnbOtYqKrOq","tieneUsuario":true,"path":"/dashboard"}
2025-04-22T03:39:57.657Z - Sesión: {"sessionID":"0teuxR5qrFNkhhoH2hJIZnnbOtYqKrOq","tieneUsuario":true,"path":"/dashboard"}
2025-04-22T03:39:57.708Z - Sesión: {"sessionID":"0teuxR5qrFNkhhoH2hJIZnnbOtYqKrOq","tieneUsuario":true,"path":"/dashboard"}
2025-04-22T03:39:57.752Z - Sesión: {"sessionID":"0teuxR5qrFNkhhoH2hJIZnnbOtYqKrOq","tieneUsuario":true,"path":"/dashboard"}
2025-04-22T03:39:57.835Z - Sesión: {"sessionID":"0teuxR5qrFNkhhoH2hJIZnnbOtYqKrOq","tieneUsuario":true,"path":"/dashboard"}
2025-04-22T03:39:57.885Z - Sesión: {"sessionID":"0teuxR5qrFNkhhoH2hJIZnnbOtYqKrOq","tieneUsuario":true,"path":"/dashboard"}
2025-04-22T03:39:57.916Z - Sesión: {"sessionID":"0teuxR5qrFNkhhoH2hJIZnnbOtYqKrOq","tieneUsuario":true,"path":"/dashboard"}
2025-04-22T03:39:57.997Z - Sesión: {"sessionID":"0teuxR5qrFNkhhoH2hJIZnnbOtYqKrOq","tieneUsuario":true,"path":"/dashboard"}
2025-04-22T03:39:58.036Z - Sesión: {"sessionID":"0teuxR5qrFNkhhoH2hJIZnnbOtYqKrOq","tieneUsuario":true,"path":"/dashboard"}
2025-04-22T03:39:58.081Z - Sesión: {"sessionID":"0teuxR5qrFNkhhoH2hJIZnnbOtYqKrOq","tieneUsuario":true,"path":"/dashboard"}
2025-04-22T03:40:22.278Z - Sesión: {"sessionID":"x5L7nKTs80li-z-nR1lvgFPw0aGm064A","tieneUsuario":false,"path":"/dashboard"}
2025-04-22T03:40:24.763Z - Sesión: {"sessionID":"L_FVCVpVHorvw_CAY05MrZqDA4KhYd4y","tieneUsuario":true,"path":"/dashboard"}
2025-04-22T03:40:24.820Z - Sesión: {"sessionID":"L_FVCVpVHorvw_CAY05MrZqDA4KhYd4y","tieneUsuario":true,"path":"/dashboard"}
2025-04-22T03:40:24.842Z - Sesión: {"sessionID":"L_FVCVpVHorvw_CAY05MrZqDA4KhYd4y","tieneUsuario":true,"path":"/dashboard"}
2025-04-22T03:40:24.871Z - Sesión: {"sessionID":"L_FVCVpVHorvw_CAY05MrZqDA4KhYd4y","tieneUsuario":true,"path":"/dashboard"}
2025-04-22T03:40:24.923Z - Sesión: {"sessionID":"L_FVCVpVHorvw_CAY05MrZqDA4KhYd4y","tieneUsuario":true,"path":"/dashboard"}
2025-04-22T03:40:24.947Z - Sesión: {"sessionID":"L_FVCVpVHorvw_CAY05MrZqDA4KhYd4y","tieneUsuario":true,"path":"/dashboard"}
2025-04-22T03:40:24.969Z - Sesión: {"sessionID":"L_FVCVpVHorvw_CAY05MrZqDA4KhYd4y","tieneUsuario":true,"path":"/dashboard"}
2025-04-22T03:40:25.005Z - Sesión: {"sessionID":"L_FVCVpVHorvw_CAY05MrZqDA4KhYd4y","tieneUsuario":true,"path":"/dashboard"}
2025-04-22T03:40:25.027Z - Sesión: {"sessionID":"L_FVCVpVHorvw_CAY05MrZqDA4KhYd4y","tieneUsuario":true,"path":"/dashboard"}
2025-04-22T03:40:25.052Z - Sesión: {"sessionID":"L_FVCVpVHorvw_CAY05MrZqDA4KhYd4y","tieneUsuario":true,"path":"/dashboard"}
2025-04-22T03:40:26.121Z - Sesión: {"sessionID":"L_FVCVpVHorvw_CAY05MrZqDA4KhYd4y","tieneUsuario":true,"path":"/dashboard"}
2025-04-22T03:40:26.179Z - Sesión: {"sessionID":"L_FVCVpVHorvw_CAY05MrZqDA4KhYd4y","tieneUsuario":true,"path":"/dashboard"}
2025-04-22T03:40:26.206Z - Sesión: {"sessionID":"L_FVCVpVHorvw_CAY05MrZqDA4KhYd4y","tieneUsuario":true,"path":"/dashboard"}
2025-04-22T03:40:26.231Z - Sesión: {"sessionID":"L_FVCVpVHorvw_CAY05MrZqDA4KhYd4y","tieneUsuario":true,"path":"/dashboard"}
2025-04-22T03:40:26.265Z - Sesión: {"sessionID":"L_FVCVpVHorvw_CAY05MrZqDA4KhYd4y","tieneUsuario":true,"path":"/dashboard"}
2025-04-22T03:40:26.326Z - Sesión: {"sessionID":"L_FVCVpVHorvw_CAY05MrZqDA4KhYd4y","tieneUsuario":true,"path":"/dashboard"}
2025-04-22T03:40:26.364Z - Sesión: {"sessionID":"L_FVCVpVHorvw_CAY05MrZqDA4KhYd4y","tieneUsuario":true,"path":"/dashboard"}
2025-04-22T03:40:26.409Z - Sesión: {"sessionID":"L_FVCVpVHorvw_CAY05MrZqDA4KhYd4y","tieneUsuario":true,"path":"/dashboard"}
2025-04-22T03:40:26.444Z - Sesión: {"sessionID":"L_FVCVpVHorvw_CAY05MrZqDA4KhYd4y","tieneUsuario":true,"path":"/dashboard"}
2025-04-22T03:40:26.474Z - Sesión: {"sessionID":"L_FVCVpVHorvw_CAY05MrZqDA4KhYd4y","tieneUsuario":true,"path":"/dashboard"}
2025-04-22T03:40:27.090Z - Sesión: {"sessionID":"L_FVCVpVHorvw_CAY05MrZqDA4KhYd4y","tieneUsuario":true,"path":"/dashboard"}
2025-04-22T03:40:28.134Z - Sesión: {"sessionID":"0teuxR5qrFNkhhoH2hJIZnnbOtYqKrOq","tieneUsuario":true,"path":"/dashboard"}
2025-04-22T03:40:28.220Z - Sesión: {"sessionID":"0teuxR5qrFNkhhoH2hJIZnnbOtYqKrOq","tieneUsuario":true,"path":"/dashboard"}
2025-04-22T03:40:28.274Z - Sesión: {"sessionID":"0teuxR5qrFNkhhoH2hJIZnnbOtYqKrOq","tieneUsuario":true,"path":"/dashboard"}
2025-04-22T03:40:28.377Z - Sesión: {"sessionID":"0teuxR5qrFNkhhoH2hJIZnnbOtYqKrOq","tieneUsuario":true,"path":"/dashboard"}
2025-04-22T03:40:28.408Z - Sesión: {"sessionID":"0teuxR5qrFNkhhoH2hJIZnnbOtYqKrOq","tieneUsuario":true,"path":"/dashboard"}
2025-04-22T03:40:28.438Z - Sesión: {"sessionID":"0teuxR5qrFNkhhoH2hJIZnnbOtYqKrOq","tieneUsuario":true,"path":"/dashboard"}
2025-04-22T03:40:28.469Z - Sesión: {"sessionID":"0teuxR5qrFNkhhoH2hJIZnnbOtYqKrOq","tieneUsuario":true,"path":"/dashboard"}
2025-04-22T03:40:28.504Z - Sesión: {"sessionID":"0teuxR5qrFNkhhoH2hJIZnnbOtYqKrOq","tieneUsuario":true,"path":"/dashboard"}
2025-04-22T03:40:28.543Z - Sesión: {"sessionID":"L_FVCVpVHorvw_CAY05MrZqDA4KhYd4y","tieneUsuario":true,"path":"/dashboard"}
2025-04-22T03:40:28.575Z - Sesión: {"sessionID":"0teuxR5qrFNkhhoH2hJIZnnbOtYqKrOq","tieneUsuario":true,"path":"/dashboard"}
2025-04-22T03:40:28.599Z - Sesión: {"sessionID":"L_FVCVpVHorvw_CAY05MrZqDA4KhYd4y","tieneUsuario":true,"path":"/dashboard"}
2025-04-22T03:40:28.619Z - Sesión: {"sessionID":"0teuxR5qrFNkhhoH2hJIZnnbOtYqKrOq","tieneUsuario":true,"path":"/dashboard"}
2025-04-22T03:40:28.651Z - Sesión: {"sessionID":"L_FVCVpVHorvw_CAY05MrZqDA4KhYd4y","tieneUsuario":true,"path":"/dashboard"}
2025-04-22T03:40:28.841Z - Sesión: {"sessionID":"L_FVCVpVHorvw_CAY05MrZqDA4KhYd4y","tieneUsuario":true,"path":"/dashboard"}
2025-04-22T03:40:28.938Z - Sesión: {"sessionID":"L_FVCVpVHorvw_CAY05MrZqDA4KhYd4y","tieneUsuario":true,"path":"/dashboard"}
2025-04-22T03:40:28.976Z - Sesión: {"sessionID":"L_FVCVpVHorvw_CAY05MrZqDA4KhYd4y","tieneUsuario":true,"path":"/dashboard"}
2025-04-22T03:40:29.028Z - Sesión: {"sessionID":"L_FVCVpVHorvw_CAY05MrZqDA4KhYd4y","tieneUsuario":true,"path":"/dashboard"}
2025-04-22T03:40:29.060Z - Sesión: {"sessionID":"L_FVCVpVHorvw_CAY05MrZqDA4KhYd4y","tieneUsuario":true,"path":"/dashboard"}
2025-04-22T03:40:29.104Z - Sesión: {"sessionID":"L_FVCVpVHorvw_CAY05MrZqDA4KhYd4y","tieneUsuario":true,"path":"/dashboard"}
2025-04-22T03:40:29.141Z - Sesión: {"sessionID":"L_FVCVpVHorvw_CAY05MrZqDA4KhYd4y","tieneUsuario":true,"path":"/dashboard"}
2025-04-22T03:40:34.259Z - Sesión: {"sessionID":"L_FVCVpVHorvw_CAY05MrZqDA4KhYd4y","tieneUsuario":true,"path":"/dashboard"}
2025-04-22T03:40:34.307Z - Sesión: {"sessionID":"L_FVCVpVHorvw_CAY05MrZqDA4KhYd4y","tieneUsuario":true,"path":"/dashboard"}
2025-04-22T03:40:34.356Z - Sesión: {"sessionID":"L_FVCVpVHorvw_CAY05MrZqDA4KhYd4y","tieneUsuario":true,"path":"/dashboard"}
2025-04-22T03:40:34.400Z - Sesión: {"sessionID":"L_FVCVpVHorvw_CAY05MrZqDA4KhYd4y","tieneUsuario":true,"path":"/dashboard"}
2025-04-22T03:40:34.429Z - Sesión: {"sessionID":"L_FVCVpVHorvw_CAY05MrZqDA4KhYd4y","tieneUsuario":true,"path":"/dashboard"}
2025-04-22T03:40:34.464Z - Sesión: {"sessionID":"L_FVCVpVHorvw_CAY05MrZqDA4KhYd4y","tieneUsuario":true,"path":"/dashboard"}
2025-04-22T03:40:34.496Z - Sesión: {"sessionID":"L_FVCVpVHorvw_CAY05MrZqDA4KhYd4y","tieneUsuario":true,"path":"/dashboard"}
2025-04-22T03:40:34.540Z - Sesión: {"sessionID":"L_FVCVpVHorvw_CAY05MrZqDA4KhYd4y","tieneUsuario":true,"path":"/dashboard"}
2025-04-22T03:40:34.581Z - Sesión: {"sessionID":"L_FVCVpVHorvw_CAY05MrZqDA4KhYd4y","tieneUsuario":true,"path":"/dashboard"}
2025-04-22T03:40:34.638Z - Sesión: {"sessionID":"L_FVCVpVHorvw_CAY05MrZqDA4KhYd4y","tieneUsuario":true,"path":"/dashboard"}
